18:47:24 (58286) DEBUG ConfigReader Loading config from stryker.conf.json
18:47:24 (58286) DEBUG ConfigReader Loaded config: {
  "$schema": "./node_modules/@stryker-mutator/core/schema/stryker-schema.json",
  "_comment": "This config was generated using 'stryker init'. Please see the guide for more information: https://stryker-mutator.io/docs/stryker-js/guides/react",
  "testRunner": "jest",
  "reporters": [
    "progress",
    "clear-text",
    "html"
  ],
  "coverageAnalysis": "off",
  "jest": {
    "projectType": "create-react-app"
  },
  "mutate": [
    "src/main/**/*.{js,jsx,ts,tsx}",
    "!src/main/**/*_NoStryker.{js,jsx,ts,tsx}"
  ],
  "thresholds": {
    "high": 100,
    "low": 90,
    "break": 100
  },
  "fileLogLevel": "trace",
  "logLevel": "debug",
  "allowConsoleColors": true,
  "checkers": [],
  "checkerNodeArgs": [],
  "commandRunner": {
    "command": "npm test"
  },
  "clearTextReporter": {
    "allowColor": true,
    "allowEmojis": false,
    "logTests": true,
    "maxTestsToLog": 3
  },
  "dashboard": {
    "baseUrl": "https://dashboard.stryker-mutator.io/api/reports",
    "reportType": "full"
  },
  "dryRunOnly": false,
  "eventReporter": {
    "baseDir": "reports/mutation/events"
  },
  "ignorePatterns": [],
  "ignoreStatic": false,
  "incremental": false,
  "incrementalFile": "reports/stryker-incremental.json",
  "force": false,
  "inPlace": false,
  "maxConcurrentTestRunners": 9007199254740991,
  "maxTestRunnerReuse": 0,
  "mutator": {
    "plugins": null,
    "excludedMutations": []
  },
  "plugins": [
    "@stryker-mutator/*"
  ],
  "appendPlugins": [],
  "htmlReporter": {
    "fileName": "reports/mutation/mutation.html"
  },
  "jsonReporter": {
    "fileName": "reports/mutation/mutation.json"
  },
  "disableTypeChecks": "{test,src,lib}/**/*.{js,ts,jsx,tsx,html,vue}",
  "symlinkNodeModules": true,
  "tempDirName": ".stryker-tmp",
  "cleanTempDir": true,
  "testRunnerNodeArgs": [],
  "timeoutFactor": 1.5,
  "timeoutMS": 5000,
  "dryRunTimeoutMinutes": 5,
  "tsconfigFile": "tsconfig.json",
  "warnings": true,
  "disableBail": false
}
18:47:24 (58286) DEBUG PluginLoader Loading @stryker-mutator/* from /Users/brennascholte/Documents/UCSB 2022-23/SPRING 23/cs156/team03-s23-7pm-4/frontend/node_modules/@stryker-mutator
18:47:24 (58286) DEBUG PluginLoader Loading plugin "@stryker-mutator/jest-runner" (matched with expression @stryker-mutator/*)
18:47:24 (58286) DEBUG PluginLoader Loading plugin @stryker-mutator/jest-runner
18:47:24 (58286) DEBUG PluginLoader Loading plugin file:///Users/brennascholte/Documents/UCSB%202022-23/SPRING%2023/cs156/team03-s23-7pm-4/frontend/node_modules/@stryker-mutator/core/dist/src/reporters/index.js
18:47:24 (58286) DEBUG MetaSchemaBuilder Contributing 1 schemas from plugins to options validation.
18:47:24 (58286) INFO ProjectReader Found 44 of 224 file(s) to be mutated.
18:47:24 (58286) DEBUG ProjectReader All input files: [
  "/Users/brennascholte/Documents/UCSB 2022-23/SPRING 23/cs156/team03-s23-7pm-4/frontend/.babelrc",
  "/Users/brennascholte/Documents/UCSB 2022-23/SPRING 23/cs156/team03-s23-7pm-4/frontend/.env-cmdrc.json",
  "/Users/brennascholte/Documents/UCSB 2022-23/SPRING 23/cs156/team03-s23-7pm-4/frontend/.eslintignore",
  "/Users/brennascholte/Documents/UCSB 2022-23/SPRING 23/cs156/team03-s23-7pm-4/frontend/.gitignore",
  "/Users/brennascholte/Documents/UCSB 2022-23/SPRING 23/cs156/team03-s23-7pm-4/frontend/.storybook/main.js",
  "/Users/brennascholte/Documents/UCSB 2022-23/SPRING 23/cs156/team03-s23-7pm-4/frontend/.storybook/preview.js",
  "/Users/brennascholte/Documents/UCSB 2022-23/SPRING 23/cs156/team03-s23-7pm-4/frontend/.storybook/webpack-plugin-fail-build-on-warning.js",
  "/Users/brennascholte/Documents/UCSB 2022-23/SPRING 23/cs156/team03-s23-7pm-4/frontend/README.md",
  "/Users/brennascholte/Documents/UCSB 2022-23/SPRING 23/cs156/team03-s23-7pm-4/frontend/coverage/lcov-report/base.css",
  "/Users/brennascholte/Documents/UCSB 2022-23/SPRING 23/cs156/team03-s23-7pm-4/frontend/coverage/lcov-report/block-navigation.js",
  "/Users/brennascholte/Documents/UCSB 2022-23/SPRING 23/cs156/team03-s23-7pm-4/frontend/coverage/lcov-report/components/Hotels/HotelForm.js.html",
  "/Users/brennascholte/Documents/UCSB 2022-23/SPRING 23/cs156/team03-s23-7pm-4/frontend/coverage/lcov-report/components/Hotels/HotelTable.js.html",
  "/Users/brennascholte/Documents/UCSB 2022-23/SPRING 23/cs156/team03-s23-7pm-4/frontend/coverage/lcov-report/components/Hotels/index.html",
  "/Users/brennascholte/Documents/UCSB 2022-23/SPRING 23/cs156/team03-s23-7pm-4/frontend/coverage/lcov-report/components/Movies/MovieForm.js.html",
  "/Users/brennascholte/Documents/UCSB 2022-23/SPRING 23/cs156/team03-s23-7pm-4/frontend/coverage/lcov-report/components/Movies/MovieTable.js.html",
  "/Users/brennascholte/Documents/UCSB 2022-23/SPRING 23/cs156/team03-s23-7pm-4/frontend/coverage/lcov-report/components/Movies/index.html",
  "/Users/brennascholte/Documents/UCSB 2022-23/SPRING 23/cs156/team03-s23-7pm-4/frontend/coverage/lcov-report/components/Nav/AppNavbar.js.html",
  "/Users/brennascholte/Documents/UCSB 2022-23/SPRING 23/cs156/team03-s23-7pm-4/frontend/coverage/lcov-report/components/Nav/AppNavbarLocalhost.js.html",
  "/Users/brennascholte/Documents/UCSB 2022-23/SPRING 23/cs156/team03-s23-7pm-4/frontend/coverage/lcov-report/components/Nav/Footer.js.html",
  "/Users/brennascholte/Documents/UCSB 2022-23/SPRING 23/cs156/team03-s23-7pm-4/frontend/coverage/lcov-report/components/Nav/index.html",
  "/Users/brennascholte/Documents/UCSB 2022-23/SPRING 23/cs156/team03-s23-7pm-4/frontend/coverage/lcov-report/components/OurTable.js.html",
  "/Users/brennascholte/Documents/UCSB 2022-23/SPRING 23/cs156/team03-s23-7pm-4/frontend/coverage/lcov-report/components/Profile/RoleBadge.js.html",
  "/Users/brennascholte/Documents/UCSB 2022-23/SPRING 23/cs156/team03-s23-7pm-4/frontend/coverage/lcov-report/components/Profile/index.html",
  "/Users/brennascholte/Documents/UCSB 2022-23/SPRING 23/cs156/team03-s23-7pm-4/frontend/coverage/lcov-report/components/Restaurants/RestaurantForm.js.html",
  "/Users/brennascholte/Documents/UCSB 2022-23/SPRING 23/cs156/team03-s23-7pm-4/frontend/coverage/lcov-report/components/Restaurants/RestaurantTable.js.html",
  "/Users/brennascholte/Documents/UCSB 2022-23/SPRING 23/cs156/team03-s23-7pm-4/frontend/coverage/lcov-report/components/Restaurants/index.html",
  "/Users/brennascholte/Documents/UCSB 2022-23/SPRING 23/cs156/team03-s23-7pm-4/frontend/coverage/lcov-report/components/UCSBDates/UCSBDateForm.js.html",
  "/Users/brennascholte/Documents/UCSB 2022-23/SPRING 23/cs156/team03-s23-7pm-4/frontend/coverage/lcov-report/components/UCSBDates/UCSBDatesTable.js.html",
  "/Users/brennascholte/Documents/UCSB 2022-23/SPRING 23/cs156/team03-s23-7pm-4/frontend/coverage/lcov-report/components/UCSBDates/index.html",
  "/Users/brennascholte/Documents/UCSB 2022-23/SPRING 23/cs156/team03-s23-7pm-4/frontend/coverage/lcov-report/components/Users/UsersTable.js.html",
  "/Users/brennascholte/Documents/UCSB 2022-23/SPRING 23/cs156/team03-s23-7pm-4/frontend/coverage/lcov-report/components/Users/index.html",
  "/Users/brennascholte/Documents/UCSB 2022-23/SPRING 23/cs156/team03-s23-7pm-4/frontend/coverage/lcov-report/components/index.html",
  "/Users/brennascholte/Documents/UCSB 2022-23/SPRING 23/cs156/team03-s23-7pm-4/frontend/coverage/lcov-report/favicon.png",
  "/Users/brennascholte/Documents/UCSB 2022-23/SPRING 23/cs156/team03-s23-7pm-4/frontend/coverage/lcov-report/index.html",
  "/Users/brennascholte/Documents/UCSB 2022-23/SPRING 23/cs156/team03-s23-7pm-4/frontend/coverage/lcov-report/layouts/BasicLayout/BasicLayout.js.html",
  "/Users/brennascholte/Documents/UCSB 2022-23/SPRING 23/cs156/team03-s23-7pm-4/frontend/coverage/lcov-report/layouts/BasicLayout/index.html",
  "/Users/brennascholte/Documents/UCSB 2022-23/SPRING 23/cs156/team03-s23-7pm-4/frontend/coverage/lcov-report/pages/AdminUsersPage.js.html",
  "/Users/brennascholte/Documents/UCSB 2022-23/SPRING 23/cs156/team03-s23-7pm-4/frontend/coverage/lcov-report/pages/HomePage.js.html",
  "/Users/brennascholte/Documents/UCSB 2022-23/SPRING 23/cs156/team03-s23-7pm-4/frontend/coverage/lcov-report/pages/Hotels/HotelCreatePage.js.html",
  "/Users/brennascholte/Documents/UCSB 2022-23/SPRING 23/cs156/team03-s23-7pm-4/frontend/coverage/lcov-report/pages/Hotels/HotelDetailsPage.js.html",
  "/Users/brennascholte/Documents/UCSB 2022-23/SPRING 23/cs156/team03-s23-7pm-4/frontend/coverage/lcov-report/pages/Hotels/HotelEditPage.js.html",
  "/Users/brennascholte/Documents/UCSB 2022-23/SPRING 23/cs156/team03-s23-7pm-4/frontend/coverage/lcov-report/pages/Hotels/HotelIndexPage.js.html",
  "/Users/brennascholte/Documents/UCSB 2022-23/SPRING 23/cs156/team03-s23-7pm-4/frontend/coverage/lcov-report/pages/Hotels/index.html",
  "/Users/brennascholte/Documents/UCSB 2022-23/SPRING 23/cs156/team03-s23-7pm-4/frontend/coverage/lcov-report/pages/Movies/MovieCreatePage.js.html",
  "/Users/brennascholte/Documents/UCSB 2022-23/SPRING 23/cs156/team03-s23-7pm-4/frontend/coverage/lcov-report/pages/Movies/MovieDetailsPage.js.html",
  "/Users/brennascholte/Documents/UCSB 2022-23/SPRING 23/cs156/team03-s23-7pm-4/frontend/coverage/lcov-report/pages/Movies/MovieEditPage.js.html",
  "/Users/brennascholte/Documents/UCSB 2022-23/SPRING 23/cs156/team03-s23-7pm-4/frontend/coverage/lcov-report/pages/Movies/MovieIndexPage.js.html",
  "/Users/brennascholte/Documents/UCSB 2022-23/SPRING 23/cs156/team03-s23-7pm-4/frontend/coverage/lcov-report/pages/Movies/index.html",
  "/Users/brennascholte/Documents/UCSB 2022-23/SPRING 23/cs156/team03-s23-7pm-4/frontend/coverage/lcov-report/pages/ProfilePage.js.html",
  "/Users/brennascholte/Documents/UCSB 2022-23/SPRING 23/cs156/team03-s23-7pm-4/frontend/coverage/lcov-report/pages/Restaurants/RestaurantCreatePage.js.html",
  "/Users/brennascholte/Documents/UCSB 2022-23/SPRING 23/cs156/team03-s23-7pm-4/frontend/coverage/lcov-report/pages/Restaurants/RestaurantDetailsPage.js.html",
  "/Users/brennascholte/Documents/UCSB 2022-23/SPRING 23/cs156/team03-s23-7pm-4/frontend/coverage/lcov-report/pages/Restaurants/RestaurantEditPage.js.html",
  "/Users/brennascholte/Documents/UCSB 2022-23/SPRING 23/cs156/team03-s23-7pm-4/frontend/coverage/lcov-report/pages/Restaurants/RestaurantIndexPage.js.html",
  "/Users/brennascholte/Documents/UCSB 2022-23/SPRING 23/cs156/team03-s23-7pm-4/frontend/coverage/lcov-report/pages/Restaurants/index.html",
  "/Users/brennascholte/Documents/UCSB 2022-23/SPRING 23/cs156/team03-s23-7pm-4/frontend/coverage/lcov-report/pages/Todos/TodosCreatePage.js.html",
  "/Users/brennascholte/Documents/UCSB 2022-23/SPRING 23/cs156/team03-s23-7pm-4/frontend/coverage/lcov-report/pages/Todos/TodosEditPage.js.html",
  "/Users/brennascholte/Documents/UCSB 2022-23/SPRING 23/cs156/team03-s23-7pm-4/frontend/coverage/lcov-report/pages/Todos/TodosIndexPage.js.html",
  "/Users/brennascholte/Documents/UCSB 2022-23/SPRING 23/cs156/team03-s23-7pm-4/frontend/coverage/lcov-report/pages/Todos/index.html",
  "/Users/brennascholte/Documents/UCSB 2022-23/SPRING 23/cs156/team03-s23-7pm-4/frontend/coverage/lcov-report/pages/UCSBDates/UCSBDatesCreatePage.js.html",
  "/Users/brennascholte/Documents/UCSB 2022-23/SPRING 23/cs156/team03-s23-7pm-4/frontend/coverage/lcov-report/pages/UCSBDates/UCSBDatesEditPage.js.html",
  "/Users/brennascholte/Documents/UCSB 2022-23/SPRING 23/cs156/team03-s23-7pm-4/frontend/coverage/lcov-report/pages/UCSBDates/UCSBDatesIndexPage.js.html",
  "/Users/brennascholte/Documents/UCSB 2022-23/SPRING 23/cs156/team03-s23-7pm-4/frontend/coverage/lcov-report/pages/UCSBDates/index.html",
  "/Users/brennascholte/Documents/UCSB 2022-23/SPRING 23/cs156/team03-s23-7pm-4/frontend/coverage/lcov-report/pages/index.html",
  "/Users/brennascholte/Documents/UCSB 2022-23/SPRING 23/cs156/team03-s23-7pm-4/frontend/coverage/lcov-report/prettify.css",
  "/Users/brennascholte/Documents/UCSB 2022-23/SPRING 23/cs156/team03-s23-7pm-4/frontend/coverage/lcov-report/prettify.js",
  "/Users/brennascholte/Documents/UCSB 2022-23/SPRING 23/cs156/team03-s23-7pm-4/frontend/coverage/lcov-report/sort-arrow-sprite.png",
  "/Users/brennascholte/Documents/UCSB 2022-23/SPRING 23/cs156/team03-s23-7pm-4/frontend/coverage/lcov-report/sorter.js",
  "/Users/brennascholte/Documents/UCSB 2022-23/SPRING 23/cs156/team03-s23-7pm-4/frontend/coverage/lcov-report/utils/UCSBDateUtils.js.html",
  "/Users/brennascholte/Documents/UCSB 2022-23/SPRING 23/cs156/team03-s23-7pm-4/frontend/coverage/lcov-report/utils/arrayUtils.js.html",
  "/Users/brennascholte/Documents/UCSB 2022-23/SPRING 23/cs156/team03-s23-7pm-4/frontend/coverage/lcov-report/utils/currentUser.js.html",
  "/Users/brennascholte/Documents/UCSB 2022-23/SPRING 23/cs156/team03-s23-7pm-4/frontend/coverage/lcov-report/utils/hotelUtils.js.html",
  "/Users/brennascholte/Documents/UCSB 2022-23/SPRING 23/cs156/team03-s23-7pm-4/frontend/coverage/lcov-report/utils/index.html",
  "/Users/brennascholte/Documents/UCSB 2022-23/SPRING 23/cs156/team03-s23-7pm-4/frontend/coverage/lcov-report/utils/minMax_NoStryker.js.html",
  "/Users/brennascholte/Documents/UCSB 2022-23/SPRING 23/cs156/team03-s23-7pm-4/frontend/coverage/lcov-report/utils/movieUtils.js.html",
  "/Users/brennascholte/Documents/UCSB 2022-23/SPRING 23/cs156/team03-s23-7pm-4/frontend/coverage/lcov-report/utils/restaurantUtils.js.html",
  "/Users/brennascholte/Documents/UCSB 2022-23/SPRING 23/cs156/team03-s23-7pm-4/frontend/coverage/lcov-report/utils/systemInfo.js.html",
  "/Users/brennascholte/Documents/UCSB 2022-23/SPRING 23/cs156/team03-s23-7pm-4/frontend/coverage/lcov-report/utils/useBackend.js.html",
  "/Users/brennascholte/Documents/UCSB 2022-23/SPRING 23/cs156/team03-s23-7pm-4/frontend/coverage/lcov.info",
  "/Users/brennascholte/Documents/UCSB 2022-23/SPRING 23/cs156/team03-s23-7pm-4/frontend/docs-index/_branches/.keep",
  "/Users/brennascholte/Documents/UCSB 2022-23/SPRING 23/cs156/team03-s23-7pm-4/frontend/docs-index/_config.yml",
  "/Users/brennascholte/Documents/UCSB 2022-23/SPRING 23/cs156/team03-s23-7pm-4/frontend/docs-index/_layouts/default.html",
  "/Users/brennascholte/Documents/UCSB 2022-23/SPRING 23/cs156/team03-s23-7pm-4/frontend/docs-index/index.md",
  "/Users/brennascholte/Documents/UCSB 2022-23/SPRING 23/cs156/team03-s23-7pm-4/frontend/docs-index/storybook_placeholder.html",
  "/Users/brennascholte/Documents/UCSB 2022-23/SPRING 23/cs156/team03-s23-7pm-4/frontend/jsconfig.json",
  "/Users/brennascholte/Documents/UCSB 2022-23/SPRING 23/cs156/team03-s23-7pm-4/frontend/package-lock.json",
  "/Users/brennascholte/Documents/UCSB 2022-23/SPRING 23/cs156/team03-s23-7pm-4/frontend/package.json",
  "/Users/brennascholte/Documents/UCSB 2022-23/SPRING 23/cs156/team03-s23-7pm-4/frontend/public/favicon.ico",
  "/Users/brennascholte/Documents/UCSB 2022-23/SPRING 23/cs156/team03-s23-7pm-4/frontend/public/index.html",
  "/Users/brennascholte/Documents/UCSB 2022-23/SPRING 23/cs156/team03-s23-7pm-4/frontend/public/logo192.png",
  "/Users/brennascholte/Documents/UCSB 2022-23/SPRING 23/cs156/team03-s23-7pm-4/frontend/public/logo512.png",
  "/Users/brennascholte/Documents/UCSB 2022-23/SPRING 23/cs156/team03-s23-7pm-4/frontend/public/manifest.json",
  "/Users/brennascholte/Documents/UCSB 2022-23/SPRING 23/cs156/team03-s23-7pm-4/frontend/public/robots.txt",
  "/Users/brennascholte/Documents/UCSB 2022-23/SPRING 23/cs156/team03-s23-7pm-4/frontend/src/App.js",
  "/Users/brennascholte/Documents/UCSB 2022-23/SPRING 23/cs156/team03-s23-7pm-4/frontend/src/fixtures/currentUserFixtures.js",
  "/Users/brennascholte/Documents/UCSB 2022-23/SPRING 23/cs156/team03-s23-7pm-4/frontend/src/fixtures/hotelFixtures.js",
  "/Users/brennascholte/Documents/UCSB 2022-23/SPRING 23/cs156/team03-s23-7pm-4/frontend/src/fixtures/movieFixtures.js",
  "/Users/brennascholte/Documents/UCSB 2022-23/SPRING 23/cs156/team03-s23-7pm-4/frontend/src/fixtures/restaurantFixtures.js",
  "/Users/brennascholte/Documents/UCSB 2022-23/SPRING 23/cs156/team03-s23-7pm-4/frontend/src/fixtures/studentFixtures.js",
  "/Users/brennascholte/Documents/UCSB 2022-23/SPRING 23/cs156/team03-s23-7pm-4/frontend/src/fixtures/systemInfoFixtures.js",
  "/Users/brennascholte/Documents/UCSB 2022-23/SPRING 23/cs156/team03-s23-7pm-4/frontend/src/fixtures/temp.json",
  "/Users/brennascholte/Documents/UCSB 2022-23/SPRING 23/cs156/team03-s23-7pm-4/frontend/src/fixtures/ucsbDatesFixtures.js",
  "/Users/brennascholte/Documents/UCSB 2022-23/SPRING 23/cs156/team03-s23-7pm-4/frontend/src/fixtures/usersFixtures.js",
  "/Users/brennascholte/Documents/UCSB 2022-23/SPRING 23/cs156/team03-s23-7pm-4/frontend/src/index.css",
  "/Users/brennascholte/Documents/UCSB 2022-23/SPRING 23/cs156/team03-s23-7pm-4/frontend/src/index.js",
  "/Users/brennascholte/Documents/UCSB 2022-23/SPRING 23/cs156/team03-s23-7pm-4/frontend/src/main/components/Hotels/HotelForm.js",
  "/Users/brennascholte/Documents/UCSB 2022-23/SPRING 23/cs156/team03-s23-7pm-4/frontend/src/main/components/Hotels/HotelTable.js",
  "/Users/brennascholte/Documents/UCSB 2022-23/SPRING 23/cs156/team03-s23-7pm-4/frontend/src/main/components/Movies/MovieForm.js",
  "/Users/brennascholte/Documents/UCSB 2022-23/SPRING 23/cs156/team03-s23-7pm-4/frontend/src/main/components/Movies/MovieTable.js",
  "/Users/brennascholte/Documents/UCSB 2022-23/SPRING 23/cs156/team03-s23-7pm-4/frontend/src/main/components/Nav/AppNavbar.js",
  "/Users/brennascholte/Documents/UCSB 2022-23/SPRING 23/cs156/team03-s23-7pm-4/frontend/src/main/components/Nav/AppNavbarLocalhost.js",
  "/Users/brennascholte/Documents/UCSB 2022-23/SPRING 23/cs156/team03-s23-7pm-4/frontend/src/main/components/Nav/Footer.js",
  "/Users/brennascholte/Documents/UCSB 2022-23/SPRING 23/cs156/team03-s23-7pm-4/frontend/src/main/components/OurTable.js",
  "/Users/brennascholte/Documents/UCSB 2022-23/SPRING 23/cs156/team03-s23-7pm-4/frontend/src/main/components/Profile/RoleBadge.js",
  "/Users/brennascholte/Documents/UCSB 2022-23/SPRING 23/cs156/team03-s23-7pm-4/frontend/src/main/components/Restaurants/RestaurantForm.js",
  "/Users/brennascholte/Documents/UCSB 2022-23/SPRING 23/cs156/team03-s23-7pm-4/frontend/src/main/components/Restaurants/RestaurantTable.js",
  "/Users/brennascholte/Documents/UCSB 2022-23/SPRING 23/cs156/team03-s23-7pm-4/frontend/src/main/components/UCSBDates/UCSBDateForm.js",
  "/Users/brennascholte/Documents/UCSB 2022-23/SPRING 23/cs156/team03-s23-7pm-4/frontend/src/main/components/UCSBDates/UCSBDatesTable.js",
  "/Users/brennascholte/Documents/UCSB 2022-23/SPRING 23/cs156/team03-s23-7pm-4/frontend/src/main/components/Users/UsersTable.js",
  "/Users/brennascholte/Documents/UCSB 2022-23/SPRING 23/cs156/team03-s23-7pm-4/frontend/src/main/layouts/BasicLayout/BasicLayout.js",
  "/Users/brennascholte/Documents/UCSB 2022-23/SPRING 23/cs156/team03-s23-7pm-4/frontend/src/main/pages/AdminUsersPage.js",
  "/Users/brennascholte/Documents/UCSB 2022-23/SPRING 23/cs156/team03-s23-7pm-4/frontend/src/main/pages/HomePage.js",
  "/Users/brennascholte/Documents/UCSB 2022-23/SPRING 23/cs156/team03-s23-7pm-4/frontend/src/main/pages/Hotels/HotelCreatePage.js",
  "/Users/brennascholte/Documents/UCSB 2022-23/SPRING 23/cs156/team03-s23-7pm-4/frontend/src/main/pages/Hotels/HotelDetailsPage.js",
  "/Users/brennascholte/Documents/UCSB 2022-23/SPRING 23/cs156/team03-s23-7pm-4/frontend/src/main/pages/Hotels/HotelEditPage.js",
  "/Users/brennascholte/Documents/UCSB 2022-23/SPRING 23/cs156/team03-s23-7pm-4/frontend/src/main/pages/Hotels/HotelIndexPage.js",
  "/Users/brennascholte/Documents/UCSB 2022-23/SPRING 23/cs156/team03-s23-7pm-4/frontend/src/main/pages/Movies/MovieCreatePage.js",
  "/Users/brennascholte/Documents/UCSB 2022-23/SPRING 23/cs156/team03-s23-7pm-4/frontend/src/main/pages/Movies/MovieDetailsPage.js",
  "/Users/brennascholte/Documents/UCSB 2022-23/SPRING 23/cs156/team03-s23-7pm-4/frontend/src/main/pages/Movies/MovieEditPage.js",
  "/Users/brennascholte/Documents/UCSB 2022-23/SPRING 23/cs156/team03-s23-7pm-4/frontend/src/main/pages/Movies/MovieIndexPage.js",
  "/Users/brennascholte/Documents/UCSB 2022-23/SPRING 23/cs156/team03-s23-7pm-4/frontend/src/main/pages/ProfilePage.js",
  "/Users/brennascholte/Documents/UCSB 2022-23/SPRING 23/cs156/team03-s23-7pm-4/frontend/src/main/pages/Restaurants/RestaurantCreatePage.js",
  "/Users/brennascholte/Documents/UCSB 2022-23/SPRING 23/cs156/team03-s23-7pm-4/frontend/src/main/pages/Restaurants/RestaurantDetailsPage.js",
  "/Users/brennascholte/Documents/UCSB 2022-23/SPRING 23/cs156/team03-s23-7pm-4/frontend/src/main/pages/Restaurants/RestaurantEditPage.js",
  "/Users/brennascholte/Documents/UCSB 2022-23/SPRING 23/cs156/team03-s23-7pm-4/frontend/src/main/pages/Restaurants/RestaurantIndexPage.js",
  "/Users/brennascholte/Documents/UCSB 2022-23/SPRING 23/cs156/team03-s23-7pm-4/frontend/src/main/pages/Todos/TodosCreatePage.js",
  "/Users/brennascholte/Documents/UCSB 2022-23/SPRING 23/cs156/team03-s23-7pm-4/frontend/src/main/pages/Todos/TodosEditPage.js",
  "/Users/brennascholte/Documents/UCSB 2022-23/SPRING 23/cs156/team03-s23-7pm-4/frontend/src/main/pages/Todos/TodosIndexPage.js",
  "/Users/brennascholte/Documents/UCSB 2022-23/SPRING 23/cs156/team03-s23-7pm-4/frontend/src/main/pages/UCSBDates/UCSBDatesCreatePage.js",
  "/Users/brennascholte/Documents/UCSB 2022-23/SPRING 23/cs156/team03-s23-7pm-4/frontend/src/main/pages/UCSBDates/UCSBDatesEditPage.js",
  "/Users/brennascholte/Documents/UCSB 2022-23/SPRING 23/cs156/team03-s23-7pm-4/frontend/src/main/pages/UCSBDates/UCSBDatesIndexPage.js",
  "/Users/brennascholte/Documents/UCSB 2022-23/SPRING 23/cs156/team03-s23-7pm-4/frontend/src/main/utils/UCSBDateUtils.js",
  "/Users/brennascholte/Documents/UCSB 2022-23/SPRING 23/cs156/team03-s23-7pm-4/frontend/src/main/utils/arrayUtils.js",
  "/Users/brennascholte/Documents/UCSB 2022-23/SPRING 23/cs156/team03-s23-7pm-4/frontend/src/main/utils/currentUser.js",
  "/Users/brennascholte/Documents/UCSB 2022-23/SPRING 23/cs156/team03-s23-7pm-4/frontend/src/main/utils/hotelUtils.js",
  "/Users/brennascholte/Documents/UCSB 2022-23/SPRING 23/cs156/team03-s23-7pm-4/frontend/src/main/utils/minMax_NoStryker.js",
  "/Users/brennascholte/Documents/UCSB 2022-23/SPRING 23/cs156/team03-s23-7pm-4/frontend/src/main/utils/movieUtils.js",
  "/Users/brennascholte/Documents/UCSB 2022-23/SPRING 23/cs156/team03-s23-7pm-4/frontend/src/main/utils/restaurantUtils.js",
  "/Users/brennascholte/Documents/UCSB 2022-23/SPRING 23/cs156/team03-s23-7pm-4/frontend/src/main/utils/systemInfo.js",
  "/Users/brennascholte/Documents/UCSB 2022-23/SPRING 23/cs156/team03-s23-7pm-4/frontend/src/main/utils/useBackend.js",
  "/Users/brennascholte/Documents/UCSB 2022-23/SPRING 23/cs156/team03-s23-7pm-4/frontend/src/reportWebVitals.js",
  "/Users/brennascholte/Documents/UCSB 2022-23/SPRING 23/cs156/team03-s23-7pm-4/frontend/src/setupTests.js",
  "/Users/brennascholte/Documents/UCSB 2022-23/SPRING 23/cs156/team03-s23-7pm-4/frontend/src/stories/components/Hotels/HotelForm.stories.js",
  "/Users/brennascholte/Documents/UCSB 2022-23/SPRING 23/cs156/team03-s23-7pm-4/frontend/src/stories/components/Hotels/HotelTable.stories.js",
  "/Users/brennascholte/Documents/UCSB 2022-23/SPRING 23/cs156/team03-s23-7pm-4/frontend/src/stories/components/Movies/MovieForm.stories.js",
  "/Users/brennascholte/Documents/UCSB 2022-23/SPRING 23/cs156/team03-s23-7pm-4/frontend/src/stories/components/Movies/MovieTable.stories.js",
  "/Users/brennascholte/Documents/UCSB 2022-23/SPRING 23/cs156/team03-s23-7pm-4/frontend/src/stories/components/Nav/AppNavbar.stories.js",
  "/Users/brennascholte/Documents/UCSB 2022-23/SPRING 23/cs156/team03-s23-7pm-4/frontend/src/stories/components/Nav/AppNavbarLocalhost.stories.js",
  "/Users/brennascholte/Documents/UCSB 2022-23/SPRING 23/cs156/team03-s23-7pm-4/frontend/src/stories/components/OurTable.stories.js",
  "/Users/brennascholte/Documents/UCSB 2022-23/SPRING 23/cs156/team03-s23-7pm-4/frontend/src/stories/components/Profile/RoleBadge.stories.js",
  "/Users/brennascholte/Documents/UCSB 2022-23/SPRING 23/cs156/team03-s23-7pm-4/frontend/src/stories/components/Restaurants/RestaurantForm.stories.js",
  "/Users/brennascholte/Documents/UCSB 2022-23/SPRING 23/cs156/team03-s23-7pm-4/frontend/src/stories/components/Restaurants/RestaurantTable.stories.js",
  "/Users/brennascholte/Documents/UCSB 2022-23/SPRING 23/cs156/team03-s23-7pm-4/frontend/src/stories/components/UCSBDates/UCSBDateForm.stories.js",
  "/Users/brennascholte/Documents/UCSB 2022-23/SPRING 23/cs156/team03-s23-7pm-4/frontend/src/stories/components/UCSBDates/UCSBDatesTable.stories.js",
  "/Users/brennascholte/Documents/UCSB 2022-23/SPRING 23/cs156/team03-s23-7pm-4/frontend/src/stories/components/Users/UsersTable.stories.js",
  "/Users/brennascholte/Documents/UCSB 2022-23/SPRING 23/cs156/team03-s23-7pm-4/frontend/src/stories/layouts/BasicLayout/AppNavbar.stories.js",
  "/Users/brennascholte/Documents/UCSB 2022-23/SPRING 23/cs156/team03-s23-7pm-4/frontend/src/stories/layouts/BasicLayout/BasicLayout.stories.js",
  "/Users/brennascholte/Documents/UCSB 2022-23/SPRING 23/cs156/team03-s23-7pm-4/frontend/src/stories/layouts/BasicLayout/Footer.stories.js",
  "/Users/brennascholte/Documents/UCSB 2022-23/SPRING 23/cs156/team03-s23-7pm-4/frontend/src/stories/pages/HomePage/HomePage.stories.js",
  "/Users/brennascholte/Documents/UCSB 2022-23/SPRING 23/cs156/team03-s23-7pm-4/frontend/src/stories/pages/Movies/MovieCreatePage.stories.js",
  "/Users/brennascholte/Documents/UCSB 2022-23/SPRING 23/cs156/team03-s23-7pm-4/frontend/src/stories/pages/Movies/MovieDetailsPage.stories.js",
  "/Users/brennascholte/Documents/UCSB 2022-23/SPRING 23/cs156/team03-s23-7pm-4/frontend/src/stories/pages/Movies/MovieEditPage.stories.js",
  "/Users/brennascholte/Documents/UCSB 2022-23/SPRING 23/cs156/team03-s23-7pm-4/frontend/src/stories/pages/Movies/MovieIndexPage.stories.js",
  "/Users/brennascholte/Documents/UCSB 2022-23/SPRING 23/cs156/team03-s23-7pm-4/frontend/src/stories/pages/Restaurants/RestaurantCreatePage.stories.js",
  "/Users/brennascholte/Documents/UCSB 2022-23/SPRING 23/cs156/team03-s23-7pm-4/frontend/src/stories/pages/Restaurants/RestaurantDetailsPage.stories.js",
  "/Users/brennascholte/Documents/UCSB 2022-23/SPRING 23/cs156/team03-s23-7pm-4/frontend/src/stories/pages/Restaurants/RestaurantEditPage.stories.js",
  "/Users/brennascholte/Documents/UCSB 2022-23/SPRING 23/cs156/team03-s23-7pm-4/frontend/src/stories/pages/Restaurants/RestaurantIndexPage.stories.js",
  "/Users/brennascholte/Documents/UCSB 2022-23/SPRING 23/cs156/team03-s23-7pm-4/frontend/src/stories/pages/UCSBDates/UCSBDatesCreatePage.stories.js",
  "/Users/brennascholte/Documents/UCSB 2022-23/SPRING 23/cs156/team03-s23-7pm-4/frontend/src/stories/pages/UCSBDates/UCSBDatesEditPage.stories.js",
  "/Users/brennascholte/Documents/UCSB 2022-23/SPRING 23/cs156/team03-s23-7pm-4/frontend/src/stories/pages/UCSBDates/UCSBDatesIndexPage.stories.js",
  "/Users/brennascholte/Documents/UCSB 2022-23/SPRING 23/cs156/team03-s23-7pm-4/frontend/src/tests/components/Hotels/HotelForm.test.js",
  "/Users/brennascholte/Documents/UCSB 2022-23/SPRING 23/cs156/team03-s23-7pm-4/frontend/src/tests/components/Hotels/HotelTable.test.js",
  "/Users/brennascholte/Documents/UCSB 2022-23/SPRING 23/cs156/team03-s23-7pm-4/frontend/src/tests/components/Movies/MovieForm.test.js",
  "/Users/brennascholte/Documents/UCSB 2022-23/SPRING 23/cs156/team03-s23-7pm-4/frontend/src/tests/components/Movies/MovieTable.test.js",
  "/Users/brennascholte/Documents/UCSB 2022-23/SPRING 23/cs156/team03-s23-7pm-4/frontend/src/tests/components/Nav/AppNavbar.test.js",
  "/Users/brennascholte/Documents/UCSB 2022-23/SPRING 23/cs156/team03-s23-7pm-4/frontend/src/tests/components/Nav/AppNavbarLocalhost.test.js",
  "/Users/brennascholte/Documents/UCSB 2022-23/SPRING 23/cs156/team03-s23-7pm-4/frontend/src/tests/components/Nav/Footer.test.js",
  "/Users/brennascholte/Documents/UCSB 2022-23/SPRING 23/cs156/team03-s23-7pm-4/frontend/src/tests/components/OurTable.test.js",
  "/Users/brennascholte/Documents/UCSB 2022-23/SPRING 23/cs156/team03-s23-7pm-4/frontend/src/tests/components/Profile/RoleBadge.test.js",
  "/Users/brennascholte/Documents/UCSB 2022-23/SPRING 23/cs156/team03-s23-7pm-4/frontend/src/tests/components/Restaurants/RestaurantForm.test.js",
  "/Users/brennascholte/Documents/UCSB 2022-23/SPRING 23/cs156/team03-s23-7pm-4/frontend/src/tests/components/Restaurants/RestaurantTable.test.js",
  "/Users/brennascholte/Documents/UCSB 2022-23/SPRING 23/cs156/team03-s23-7pm-4/frontend/src/tests/components/UCSBDates/UCSBDateForm.test.js",
  "/Users/brennascholte/Documents/UCSB 2022-23/SPRING 23/cs156/team03-s23-7pm-4/frontend/src/tests/components/UCSBDates/UCSBDatesTable.test.js",
  "/Users/brennascholte/Documents/UCSB 2022-23/SPRING 23/cs156/team03-s23-7pm-4/frontend/src/tests/components/Users/UsersTable.test.js",
  "/Users/brennascholte/Documents/UCSB 2022-23/SPRING 23/cs156/team03-s23-7pm-4/frontend/src/tests/pages/AdminUsersPage.test.js",
  "/Users/brennascholte/Documents/UCSB 2022-23/SPRING 23/cs156/team03-s23-7pm-4/frontend/src/tests/pages/HomePage.test.js",
  "/Users/brennascholte/Documents/UCSB 2022-23/SPRING 23/cs156/team03-s23-7pm-4/frontend/src/tests/pages/Hotels/HotelCreatePage.test.js",
  "/Users/brennascholte/Documents/UCSB 2022-23/SPRING 23/cs156/team03-s23-7pm-4/frontend/src/tests/pages/Hotels/HotelDetailsPage.test.js",
  "/Users/brennascholte/Documents/UCSB 2022-23/SPRING 23/cs156/team03-s23-7pm-4/frontend/src/tests/pages/Hotels/HotelEditPage.test.js",
  "/Users/brennascholte/Documents/UCSB 2022-23/SPRING 23/cs156/team03-s23-7pm-4/frontend/src/tests/pages/Hotels/HotelIndexPage.test.js",
  "/Users/brennascholte/Documents/UCSB 2022-23/SPRING 23/cs156/team03-s23-7pm-4/frontend/src/tests/pages/Movies/MovieCreatePage.test.js",
  "/Users/brennascholte/Documents/UCSB 2022-23/SPRING 23/cs156/team03-s23-7pm-4/frontend/src/tests/pages/Movies/MovieDetailsPage.test.js",
  "/Users/brennascholte/Documents/UCSB 2022-23/SPRING 23/cs156/team03-s23-7pm-4/frontend/src/tests/pages/Movies/MovieEditPage.test.js",
  "/Users/brennascholte/Documents/UCSB 2022-23/SPRING 23/cs156/team03-s23-7pm-4/frontend/src/tests/pages/Movies/MovieIndexPage.test.js",
  "/Users/brennascholte/Documents/UCSB 2022-23/SPRING 23/cs156/team03-s23-7pm-4/frontend/src/tests/pages/ProfilePage.test.js",
  "/Users/brennascholte/Documents/UCSB 2022-23/SPRING 23/cs156/team03-s23-7pm-4/frontend/src/tests/pages/Restaurants/RestaurantCreatePage.test.js",
  "/Users/brennascholte/Documents/UCSB 2022-23/SPRING 23/cs156/team03-s23-7pm-4/frontend/src/tests/pages/Restaurants/RestaurantDetailsPage.test.js",
  "/Users/brennascholte/Documents/UCSB 2022-23/SPRING 23/cs156/team03-s23-7pm-4/frontend/src/tests/pages/Restaurants/RestaurantEditPage.test.js",
  "/Users/brennascholte/Documents/UCSB 2022-23/SPRING 23/cs156/team03-s23-7pm-4/frontend/src/tests/pages/Restaurants/RestaurantIndexPage.test.js",
  "/Users/brennascholte/Documents/UCSB 2022-23/SPRING 23/cs156/team03-s23-7pm-4/frontend/src/tests/pages/Todos/TodosCreatePage.test.js",
  "/Users/brennascholte/Documents/UCSB 2022-23/SPRING 23/cs156/team03-s23-7pm-4/frontend/src/tests/pages/Todos/TodosEditPage.test.js",
  "/Users/brennascholte/Documents/UCSB 2022-23/SPRING 23/cs156/team03-s23-7pm-4/frontend/src/tests/pages/Todos/TodosIndexPage.test.js",
  "/Users/brennascholte/Documents/UCSB 2022-23/SPRING 23/cs156/team03-s23-7pm-4/frontend/src/tests/pages/UCSBDates/UCSBDatesCreatePage.test.js",
  "/Users/brennascholte/Documents/UCSB 2022-23/SPRING 23/cs156/team03-s23-7pm-4/frontend/src/tests/pages/UCSBDates/UCSBDatesEditPage.test.js",
  "/Users/brennascholte/Documents/UCSB 2022-23/SPRING 23/cs156/team03-s23-7pm-4/frontend/src/tests/pages/UCSBDates/UCSBDatesIndexPage.test.js",
  "/Users/brennascholte/Documents/UCSB 2022-23/SPRING 23/cs156/team03-s23-7pm-4/frontend/src/tests/utils/UCSBDateUtils.test.js",
  "/Users/brennascholte/Documents/UCSB 2022-23/SPRING 23/cs156/team03-s23-7pm-4/frontend/src/tests/utils/arrayUtils.test.js",
  "/Users/brennascholte/Documents/UCSB 2022-23/SPRING 23/cs156/team03-s23-7pm-4/frontend/src/tests/utils/currentUser.test.js",
  "/Users/brennascholte/Documents/UCSB 2022-23/SPRING 23/cs156/team03-s23-7pm-4/frontend/src/tests/utils/hotelUtils.test.js",
  "/Users/brennascholte/Documents/UCSB 2022-23/SPRING 23/cs156/team03-s23-7pm-4/frontend/src/tests/utils/minMax_NoStryker.test.js",
  "/Users/brennascholte/Documents/UCSB 2022-23/SPRING 23/cs156/team03-s23-7pm-4/frontend/src/tests/utils/movieUtils.test.js",
  "/Users/brennascholte/Documents/UCSB 2022-23/SPRING 23/cs156/team03-s23-7pm-4/frontend/src/tests/utils/restaurantUtils.test.js",
  "/Users/brennascholte/Documents/UCSB 2022-23/SPRING 23/cs156/team03-s23-7pm-4/frontend/src/tests/utils/systemInfo.test.js",
  "/Users/brennascholte/Documents/UCSB 2022-23/SPRING 23/cs156/team03-s23-7pm-4/frontend/src/tests/utils/useBackend.test.js",
  "/Users/brennascholte/Documents/UCSB 2022-23/SPRING 23/cs156/team03-s23-7pm-4/frontend/stryker.conf.json"
]
18:47:24 (58286) DEBUG ProjectReader Files to mutate: [
  "/Users/brennascholte/Documents/UCSB 2022-23/SPRING 23/cs156/team03-s23-7pm-4/frontend/src/main/components/Hotels/HotelForm.js",
  "/Users/brennascholte/Documents/UCSB 2022-23/SPRING 23/cs156/team03-s23-7pm-4/frontend/src/main/components/Hotels/HotelTable.js",
  "/Users/brennascholte/Documents/UCSB 2022-23/SPRING 23/cs156/team03-s23-7pm-4/frontend/src/main/components/Movies/MovieForm.js",
  "/Users/brennascholte/Documents/UCSB 2022-23/SPRING 23/cs156/team03-s23-7pm-4/frontend/src/main/components/Movies/MovieTable.js",
  "/Users/brennascholte/Documents/UCSB 2022-23/SPRING 23/cs156/team03-s23-7pm-4/frontend/src/main/components/Nav/AppNavbar.js",
  "/Users/brennascholte/Documents/UCSB 2022-23/SPRING 23/cs156/team03-s23-7pm-4/frontend/src/main/components/Nav/AppNavbarLocalhost.js",
  "/Users/brennascholte/Documents/UCSB 2022-23/SPRING 23/cs156/team03-s23-7pm-4/frontend/src/main/components/Nav/Footer.js",
  "/Users/brennascholte/Documents/UCSB 2022-23/SPRING 23/cs156/team03-s23-7pm-4/frontend/src/main/components/OurTable.js",
  "/Users/brennascholte/Documents/UCSB 2022-23/SPRING 23/cs156/team03-s23-7pm-4/frontend/src/main/components/Profile/RoleBadge.js",
  "/Users/brennascholte/Documents/UCSB 2022-23/SPRING 23/cs156/team03-s23-7pm-4/frontend/src/main/components/Restaurants/RestaurantForm.js",
  "/Users/brennascholte/Documents/UCSB 2022-23/SPRING 23/cs156/team03-s23-7pm-4/frontend/src/main/components/Restaurants/RestaurantTable.js",
  "/Users/brennascholte/Documents/UCSB 2022-23/SPRING 23/cs156/team03-s23-7pm-4/frontend/src/main/components/UCSBDates/UCSBDateForm.js",
  "/Users/brennascholte/Documents/UCSB 2022-23/SPRING 23/cs156/team03-s23-7pm-4/frontend/src/main/components/UCSBDates/UCSBDatesTable.js",
  "/Users/brennascholte/Documents/UCSB 2022-23/SPRING 23/cs156/team03-s23-7pm-4/frontend/src/main/components/Users/UsersTable.js",
  "/Users/brennascholte/Documents/UCSB 2022-23/SPRING 23/cs156/team03-s23-7pm-4/frontend/src/main/layouts/BasicLayout/BasicLayout.js",
  "/Users/brennascholte/Documents/UCSB 2022-23/SPRING 23/cs156/team03-s23-7pm-4/frontend/src/main/pages/AdminUsersPage.js",
  "/Users/brennascholte/Documents/UCSB 2022-23/SPRING 23/cs156/team03-s23-7pm-4/frontend/src/main/pages/HomePage.js",
  "/Users/brennascholte/Documents/UCSB 2022-23/SPRING 23/cs156/team03-s23-7pm-4/frontend/src/main/pages/Hotels/HotelCreatePage.js",
  "/Users/brennascholte/Documents/UCSB 2022-23/SPRING 23/cs156/team03-s23-7pm-4/frontend/src/main/pages/Hotels/HotelDetailsPage.js",
  "/Users/brennascholte/Documents/UCSB 2022-23/SPRING 23/cs156/team03-s23-7pm-4/frontend/src/main/pages/Hotels/HotelEditPage.js",
  "/Users/brennascholte/Documents/UCSB 2022-23/SPRING 23/cs156/team03-s23-7pm-4/frontend/src/main/pages/Hotels/HotelIndexPage.js",
  "/Users/brennascholte/Documents/UCSB 2022-23/SPRING 23/cs156/team03-s23-7pm-4/frontend/src/main/pages/Movies/MovieCreatePage.js",
  "/Users/brennascholte/Documents/UCSB 2022-23/SPRING 23/cs156/team03-s23-7pm-4/frontend/src/main/pages/Movies/MovieDetailsPage.js",
  "/Users/brennascholte/Documents/UCSB 2022-23/SPRING 23/cs156/team03-s23-7pm-4/frontend/src/main/pages/Movies/MovieEditPage.js",
  "/Users/brennascholte/Documents/UCSB 2022-23/SPRING 23/cs156/team03-s23-7pm-4/frontend/src/main/pages/Movies/MovieIndexPage.js",
  "/Users/brennascholte/Documents/UCSB 2022-23/SPRING 23/cs156/team03-s23-7pm-4/frontend/src/main/pages/ProfilePage.js",
  "/Users/brennascholte/Documents/UCSB 2022-23/SPRING 23/cs156/team03-s23-7pm-4/frontend/src/main/pages/Restaurants/RestaurantCreatePage.js",
  "/Users/brennascholte/Documents/UCSB 2022-23/SPRING 23/cs156/team03-s23-7pm-4/frontend/src/main/pages/Restaurants/RestaurantDetailsPage.js",
  "/Users/brennascholte/Documents/UCSB 2022-23/SPRING 23/cs156/team03-s23-7pm-4/frontend/src/main/pages/Restaurants/RestaurantEditPage.js",
  "/Users/brennascholte/Documents/UCSB 2022-23/SPRING 23/cs156/team03-s23-7pm-4/frontend/src/main/pages/Restaurants/RestaurantIndexPage.js",
  "/Users/brennascholte/Documents/UCSB 2022-23/SPRING 23/cs156/team03-s23-7pm-4/frontend/src/main/pages/Todos/TodosCreatePage.js",
  "/Users/brennascholte/Documents/UCSB 2022-23/SPRING 23/cs156/team03-s23-7pm-4/frontend/src/main/pages/Todos/TodosEditPage.js",
  "/Users/brennascholte/Documents/UCSB 2022-23/SPRING 23/cs156/team03-s23-7pm-4/frontend/src/main/pages/Todos/TodosIndexPage.js",
  "/Users/brennascholte/Documents/UCSB 2022-23/SPRING 23/cs156/team03-s23-7pm-4/frontend/src/main/pages/UCSBDates/UCSBDatesCreatePage.js",
  "/Users/brennascholte/Documents/UCSB 2022-23/SPRING 23/cs156/team03-s23-7pm-4/frontend/src/main/pages/UCSBDates/UCSBDatesEditPage.js",
  "/Users/brennascholte/Documents/UCSB 2022-23/SPRING 23/cs156/team03-s23-7pm-4/frontend/src/main/pages/UCSBDates/UCSBDatesIndexPage.js",
  "/Users/brennascholte/Documents/UCSB 2022-23/SPRING 23/cs156/team03-s23-7pm-4/frontend/src/main/utils/UCSBDateUtils.js",
  "/Users/brennascholte/Documents/UCSB 2022-23/SPRING 23/cs156/team03-s23-7pm-4/frontend/src/main/utils/arrayUtils.js",
  "/Users/brennascholte/Documents/UCSB 2022-23/SPRING 23/cs156/team03-s23-7pm-4/frontend/src/main/utils/currentUser.js",
  "/Users/brennascholte/Documents/UCSB 2022-23/SPRING 23/cs156/team03-s23-7pm-4/frontend/src/main/utils/hotelUtils.js",
  "/Users/brennascholte/Documents/UCSB 2022-23/SPRING 23/cs156/team03-s23-7pm-4/frontend/src/main/utils/movieUtils.js",
  "/Users/brennascholte/Documents/UCSB 2022-23/SPRING 23/cs156/team03-s23-7pm-4/frontend/src/main/utils/restaurantUtils.js",
  "/Users/brennascholte/Documents/UCSB 2022-23/SPRING 23/cs156/team03-s23-7pm-4/frontend/src/main/utils/systemInfo.js",
  "/Users/brennascholte/Documents/UCSB 2022-23/SPRING 23/cs156/team03-s23-7pm-4/frontend/src/main/utils/useBackend.js"
]
18:47:24 (58286) DEBUG TemporaryDirectory Using temp directory "/Users/brennascholte/Documents/UCSB 2022-23/SPRING 23/cs156/team03-s23-7pm-4/frontend/.stryker-tmp"
18:47:24 (58286) DEBUG Instrumenter Instrumenting 44 source files with mutants
18:47:25 (58286) DEBUG Instrumenter Instrumented src/main/components/Hotels/HotelForm.js (33 mutant(s))
18:47:25 (58286) DEBUG Instrumenter Instrumented src/main/components/Hotels/HotelTable.js (32 mutant(s))
18:47:25 (58286) DEBUG Instrumenter Instrumented src/main/components/Movies/MovieForm.js (33 mutant(s))
18:47:25 (58286) DEBUG Instrumenter Instrumented src/main/components/Movies/MovieTable.js (32 mutant(s))
18:47:25 (58286) DEBUG Instrumenter Instrumented src/main/components/Nav/AppNavbar.js (61 mutant(s))
18:47:25 (58286) DEBUG Instrumenter Instrumented src/main/components/Nav/AppNavbarLocalhost.js (1 mutant(s))
18:47:25 (58286) DEBUG Instrumenter Instrumented src/main/components/Nav/Footer.js (1 mutant(s))
18:47:25 (58286) DEBUG Instrumenter Instrumented src/main/components/OurTable.js (20 mutant(s))
18:47:25 (58286) DEBUG Instrumenter Instrumented src/main/components/Profile/RoleBadge.js (7 mutant(s))
18:47:25 (58286) DEBUG Instrumenter Instrumented src/main/components/Restaurants/RestaurantForm.js (33 mutant(s))
18:47:25 (58286) DEBUG Instrumenter Instrumented src/main/components/Restaurants/RestaurantTable.js (40 mutant(s))
18:47:25 (58286) DEBUG Instrumenter Instrumented src/main/components/UCSBDates/UCSBDateForm.js (85 mutant(s))
18:47:25 (58286) DEBUG Instrumenter Instrumented src/main/components/UCSBDates/UCSBDatesTable.js (35 mutant(s))
18:47:25 (58286) DEBUG Instrumenter Instrumented src/main/components/Users/UsersTable.js (19 mutant(s))
18:47:25 (58286) DEBUG Instrumenter Instrumented src/main/layouts/BasicLayout/BasicLayout.js (1 mutant(s))
18:47:25 (58286) DEBUG Instrumenter Instrumented src/main/pages/AdminUsersPage.js (7 mutant(s))
18:47:25 (58286) DEBUG Instrumenter Instrumented src/main/pages/HomePage.js (1 mutant(s))
18:47:25 (58286) DEBUG Instrumenter Instrumented src/main/pages/Hotels/HotelCreatePage.js (4 mutant(s))
18:47:25 (58286) DEBUG Instrumenter Instrumented src/main/pages/Hotels/HotelDetailsPage.js (3 mutant(s))
18:47:25 (58286) DEBUG Instrumenter Instrumented src/main/pages/Hotels/HotelEditPage.js (5 mutant(s))
18:47:25 (58286) DEBUG Instrumenter Instrumented src/main/pages/Hotels/HotelIndexPage.js (7 mutant(s))
18:47:25 (58286) DEBUG Instrumenter Instrumented src/main/pages/Movies/MovieCreatePage.js (4 mutant(s))
18:47:25 (58286) DEBUG Instrumenter Instrumented src/main/pages/Movies/MovieDetailsPage.js (3 mutant(s))
18:47:25 (58286) DEBUG Instrumenter Instrumented src/main/pages/Movies/MovieEditPage.js (5 mutant(s))
18:47:25 (58286) DEBUG Instrumenter Instrumented src/main/pages/Movies/MovieIndexPage.js (7 mutant(s))
18:47:25 (58286) DEBUG Instrumenter Instrumented src/main/pages/ProfilePage.js (8 mutant(s))
18:47:25 (58286) DEBUG Instrumenter Instrumented src/main/pages/Restaurants/RestaurantCreatePage.js (15 mutant(s))
18:47:25 (58286) DEBUG Instrumenter Instrumented src/main/pages/Restaurants/RestaurantDetailsPage.js (12 mutant(s))
18:47:25 (58286) DEBUG Instrumenter Instrumented src/main/pages/Restaurants/RestaurantEditPage.js (25 mutant(s))
18:47:25 (58286) DEBUG Instrumenter Instrumented src/main/pages/Restaurants/RestaurantIndexPage.js (7 mutant(s))
18:47:25 (58286) DEBUG Instrumenter Instrumented src/main/pages/Todos/TodosCreatePage.js (1 mutant(s))
18:47:25 (58286) DEBUG Instrumenter Instrumented src/main/pages/Todos/TodosEditPage.js (1 mutant(s))
18:47:25 (58286) DEBUG Instrumenter Instrumented src/main/pages/Todos/TodosIndexPage.js (1 mutant(s))
18:47:25 (58286) DEBUG Instrumenter Instrumented src/main/pages/UCSBDates/UCSBDatesCreatePage.js (15 mutant(s))
18:47:25 (58286) DEBUG Instrumenter Instrumented src/main/pages/UCSBDates/UCSBDatesEditPage.js (25 mutant(s))
18:47:25 (58286) DEBUG Instrumenter Instrumented src/main/pages/UCSBDates/UCSBDatesIndexPage.js (7 mutant(s))
18:47:25 (58286) DEBUG Instrumenter Instrumented src/main/utils/UCSBDateUtils.js (6 mutant(s))
18:47:25 (58286) DEBUG Instrumenter Instrumented src/main/utils/arrayUtils.js (2 mutant(s))
18:47:25 (58286) DEBUG Instrumenter Instrumented src/main/utils/currentUser.js (49 mutant(s))
18:47:25 (58286) DEBUG Instrumenter Instrumented src/main/utils/hotelUtils.js (71 mutant(s))
18:47:25 (58286) DEBUG Instrumenter Instrumented src/main/utils/movieUtils.js (71 mutant(s))
18:47:25 (58286) DEBUG Instrumenter Instrumented src/main/utils/restaurantUtils.js (6 mutant(s))
18:47:25 (58286) DEBUG Instrumenter Instrumented src/main/utils/systemInfo.js (15 mutant(s))
18:47:25 (58286) DEBUG Instrumenter Instrumented src/main/utils/useBackend.js (22 mutant(s))
18:47:25 (58286) INFO Instrumenter Instrumented 44 source file(s) with 838 mutant(s)
18:47:26 (58286) INFO ConcurrencyTokenProvider Creating 7 test runner process(es).
18:47:26 (58286) DEBUG ChildProcessProxy Started CheckerWorker in worker process 0 with pid 58295 
18:47:26 (58295) DEBUG PluginLoader Loading plugin @stryker-mutator/jest-runner
18:47:26 (58295) DEBUG PluginLoader Loading plugin file:///Users/brennascholte/Documents/UCSB%202022-23/SPRING%2023/cs156/team03-s23-7pm-4/frontend/node_modules/@stryker-mutator/core/dist/src/reporters/index.js
18:47:26 (58286) DEBUG Sandbox Creating a sandbox for files in /Users/brennascholte/Documents/UCSB 2022-23/SPRING 23/cs156/team03-s23-7pm-4/frontend/.stryker-tmp/sandbox8025320
18:47:26 (58286) DEBUG Sandbox Start symlink node_modules
18:47:26 (58286) DEBUG Sandbox Create symlink from /Users/brennascholte/Documents/UCSB 2022-23/SPRING 23/cs156/team03-s23-7pm-4/frontend/node_modules to /Users/brennascholte/Documents/UCSB 2022-23/SPRING 23/cs156/team03-s23-7pm-4/frontend/.stryker-tmp/sandbox8025320/node_modules
18:47:26 (58286) DEBUG BroadcastReporter Broadcasting to reporters ["progress","clear-text","html"]
18:47:26 (58286) DEBUG ChildProcessProxy Started ChildProcessTestRunnerWorker in worker process 0 with pid 58297 
18:47:26 (58286) DEBUG ChildProcessProxy Started ChildProcessTestRunnerWorker in worker process 1 with pid 58298 
18:47:27 (58298) DEBUG PluginLoader Loading plugin @stryker-mutator/jest-runner
18:47:27 (58298) DEBUG PluginLoader Loading plugin file:///Users/brennascholte/Documents/UCSB%202022-23/SPRING%2023/cs156/team03-s23-7pm-4/frontend/node_modules/@stryker-mutator/core/dist/src/reporters/index.js
18:47:27 (58297) DEBUG PluginLoader Loading plugin @stryker-mutator/jest-runner
18:47:27 (58297) DEBUG PluginLoader Loading plugin file:///Users/brennascholte/Documents/UCSB%202022-23/SPRING%2023/cs156/team03-s23-7pm-4/frontend/node_modules/@stryker-mutator/core/dist/src/reporters/index.js
18:47:27 (58298) DEBUG ChildProcessProxyWorker Changing current working directory for this process to /Users/brennascholte/Documents/UCSB 2022-23/SPRING 23/cs156/team03-s23-7pm-4/frontend/.stryker-tmp/sandbox8025320
18:47:27 (58297) DEBUG ChildProcessProxyWorker Changing current working directory for this process to /Users/brennascholte/Documents/UCSB 2022-23/SPRING 23/cs156/team03-s23-7pm-4/frontend/.stryker-tmp/sandbox8025320
18:47:28 (58298) DEBUG jestTestAdapterFactory Detected Jest version 27.5.1
18:47:28 (58297) DEBUG jestTestAdapterFactory Detected Jest version 27.5.1
18:47:28 (58298) DEBUG JestTestRunner Running jest with --findRelatedTests flag. Set jest.enableFindRelatedTests to false to run all tests on every mutant.
18:47:28 (58297) DEBUG JestTestRunner Running jest with --findRelatedTests flag. Set jest.enableFindRelatedTests to false to run all tests on every mutant.
18:47:28 (58298) DEBUG JestTestRunner Merging file-based config {
  "roots": [
    "<rootDir>/src"
  ],
  "collectCoverageFrom": [
    "src/main/**/*.{js,jsx,ts,tsx}"
  ],
  "setupFiles": [
    "/Users/brennascholte/Documents/UCSB 2022-23/SPRING 23/cs156/team03-s23-7pm-4/frontend/node_modules/react-app-polyfill/jsdom.js"
  ],
  "setupFilesAfterEnv": [
    "<rootDir>/src/setupTests.js"
  ],
  "testMatch": [
    "<rootDir>/src/**/__tests__/**/*.{js,jsx,ts,tsx}",
    "<rootDir>/src/**/*.{spec,test}.{js,jsx,ts,tsx}"
  ],
  "testEnvironment": "jsdom",
  "transform": {
    "^.+\\.(js|jsx|mjs|cjs|ts|tsx)$": "/Users/brennascholte/Documents/UCSB 2022-23/SPRING 23/cs156/team03-s23-7pm-4/frontend/node_modules/react-scripts/config/jest/babelTransform.js",
    "^.+\\.css$": "/Users/brennascholte/Documents/UCSB 2022-23/SPRING 23/cs156/team03-s23-7pm-4/frontend/node_modules/react-scripts/config/jest/cssTransform.js",
    "^(?!.*\\.(js|jsx|mjs|cjs|ts|tsx|css|json)$)": "/Users/brennascholte/Documents/UCSB 2022-23/SPRING 23/cs156/team03-s23-7pm-4/frontend/node_modules/react-scripts/config/jest/fileTransform.js"
  },
  "transformIgnorePatterns": [
    "[/\\\\]node_modules[/\\\\].+\\.(js|jsx|mjs|cjs|ts|tsx)$",
    "^.+\\.module\\.(css|sass|scss)$"
  ],
  "modulePaths": [
    "/Users/brennascholte/Documents/UCSB 2022-23/SPRING 23/cs156/team03-s23-7pm-4/frontend/.stryker-tmp/sandbox8025320/src"
  ],
  "moduleNameMapper": {
    "^react-native$": "react-native-web",
    "^.+\\.module\\.(css|sass|scss)$": "identity-obj-proxy"
  },
  "moduleFileExtensions": [
    "web.js",
    "js",
    "web.ts",
    "ts",
    "web.tsx",
    "tsx",
    "json",
    "web.jsx",
    "jsx",
    "node"
  ],
  "watchPlugins": [
    "/Users/brennascholte/Documents/UCSB 2022-23/SPRING 23/cs156/team03-s23-7pm-4/frontend/node_modules/jest-watch-typeahead/build/file_name_plugin/plugin.js",
    "/Users/brennascholte/Documents/UCSB 2022-23/SPRING 23/cs156/team03-s23-7pm-4/frontend/node_modules/jest-watch-typeahead/build/test_name_plugin/plugin.js"
  ],
  "resetMocks": true,
  "rootDir": "/Users/brennascholte/Documents/UCSB 2022-23/SPRING 23/cs156/team03-s23-7pm-4/frontend/.stryker-tmp/sandbox8025320",
  "coverageReporters": [
    "text",
    "lcov"
  ],
  "coverageThreshold": {
    "global": {
      "branches": 100,
      "functions": 100,
      "lines": 100,
      "statements": 100
    }
  }
}
      with custom config {}
      and default (internal) stryker config {
  "collectCoverage": false,
  "verbose": false,
  "notify": false,
  "bail": false,
  "reporters": []
}
18:47:28 (58286) INFO DryRunExecutor Starting initial test run (jest test runner with "off" coverage analysis). This may take a while.
18:47:28 (58286) DEBUG DryRunExecutor Using timeout of 300000 ms.
18:47:28 (58286) DEBUG TimeoutDecorator Starting timeout timer (300000 ms) for a test run
18:47:28 (58286) DEBUG ChildProcessProxy Started ChildProcessTestRunnerWorker in worker process 2 with pid 58299 
18:47:28 (58297) DEBUG JestTestRunner Merging file-based config {
  "roots": [
    "<rootDir>/src"
  ],
  "collectCoverageFrom": [
    "src/main/**/*.{js,jsx,ts,tsx}"
  ],
  "setupFiles": [
    "/Users/brennascholte/Documents/UCSB 2022-23/SPRING 23/cs156/team03-s23-7pm-4/frontend/node_modules/react-app-polyfill/jsdom.js"
  ],
  "setupFilesAfterEnv": [
    "<rootDir>/src/setupTests.js"
  ],
  "testMatch": [
    "<rootDir>/src/**/__tests__/**/*.{js,jsx,ts,tsx}",
    "<rootDir>/src/**/*.{spec,test}.{js,jsx,ts,tsx}"
  ],
  "testEnvironment": "jsdom",
  "transform": {
    "^.+\\.(js|jsx|mjs|cjs|ts|tsx)$": "/Users/brennascholte/Documents/UCSB 2022-23/SPRING 23/cs156/team03-s23-7pm-4/frontend/node_modules/react-scripts/config/jest/babelTransform.js",
    "^.+\\.css$": "/Users/brennascholte/Documents/UCSB 2022-23/SPRING 23/cs156/team03-s23-7pm-4/frontend/node_modules/react-scripts/config/jest/cssTransform.js",
    "^(?!.*\\.(js|jsx|mjs|cjs|ts|tsx|css|json)$)": "/Users/brennascholte/Documents/UCSB 2022-23/SPRING 23/cs156/team03-s23-7pm-4/frontend/node_modules/react-scripts/config/jest/fileTransform.js"
  },
  "transformIgnorePatterns": [
    "[/\\\\]node_modules[/\\\\].+\\.(js|jsx|mjs|cjs|ts|tsx)$",
    "^.+\\.module\\.(css|sass|scss)$"
  ],
  "modulePaths": [
    "/Users/brennascholte/Documents/UCSB 2022-23/SPRING 23/cs156/team03-s23-7pm-4/frontend/.stryker-tmp/sandbox8025320/src"
  ],
  "moduleNameMapper": {
    "^react-native$": "react-native-web",
    "^.+\\.module\\.(css|sass|scss)$": "identity-obj-proxy"
  },
  "moduleFileExtensions": [
    "web.js",
    "js",
    "web.ts",
    "ts",
    "web.tsx",
    "tsx",
    "json",
    "web.jsx",
    "jsx",
    "node"
  ],
  "watchPlugins": [
    "/Users/brennascholte/Documents/UCSB 2022-23/SPRING 23/cs156/team03-s23-7pm-4/frontend/node_modules/jest-watch-typeahead/build/file_name_plugin/plugin.js",
    "/Users/brennascholte/Documents/UCSB 2022-23/SPRING 23/cs156/team03-s23-7pm-4/frontend/node_modules/jest-watch-typeahead/build/test_name_plugin/plugin.js"
  ],
  "resetMocks": true,
  "rootDir": "/Users/brennascholte/Documents/UCSB 2022-23/SPRING 23/cs156/team03-s23-7pm-4/frontend/.stryker-tmp/sandbox8025320",
  "coverageReporters": [
    "text",
    "lcov"
  ],
  "coverageThreshold": {
    "global": {
      "branches": 100,
      "functions": 100,
      "lines": 100,
      "statements": 100
    }
  }
}
      with custom config {}
      and default (internal) stryker config {
  "collectCoverage": false,
  "verbose": false,
  "notify": false,
  "bail": false,
  "reporters": []
}
18:47:28 (58286) DEBUG ChildProcessProxy Started ChildProcessTestRunnerWorker in worker process 3 with pid 58300 
18:47:28 (58298) TRACE JestTestRunner Invoking Jest with config {"fileNamesUnderTest":["/Users/brennascholte/Documents/UCSB 2022-23/SPRING 23/cs156/team03-s23-7pm-4/frontend/.stryker-tmp/sandbox8025320/src/main/components/Hotels/HotelForm.js","/Users/brennascholte/Documents/UCSB 2022-23/SPRING 23/cs156/team03-s23-7pm-4/frontend/.stryker-tmp/sandbox8025320/src/main/components/Hotels/HotelTable.js","/Users/brennascholte/Documents/UCSB 2022-23/SPRING 23/cs156/team03-s23-7pm-4/frontend/.stryker-tmp/sandbox8025320/src/main/components/Movies/MovieForm.js","/Users/brennascholte/Documents/UCSB 2022-23/SPRING 23/cs156/team03-s23-7pm-4/frontend/.stryker-tmp/sandbox8025320/src/main/components/Movies/MovieTable.js","/Users/brennascholte/Documents/UCSB 2022-23/SPRING 23/cs156/team03-s23-7pm-4/frontend/.stryker-tmp/sandbox8025320/src/main/components/Nav/AppNavbar.js","/Users/brennascholte/Documents/UCSB 2022-23/SPRING 23/cs156/team03-s23-7pm-4/frontend/.stryker-tmp/sandbox8025320/src/main/components/Nav/AppNavbarLocalhost.js","/Users/brennascholte/Documents/UCSB 2022-23/SPRING 23/cs156/team03-s23-7pm-4/frontend/.stryker-tmp/sandbox8025320/src/main/components/Nav/Footer.js","/Users/brennascholte/Documents/UCSB 2022-23/SPRING 23/cs156/team03-s23-7pm-4/frontend/.stryker-tmp/sandbox8025320/src/main/components/OurTable.js","/Users/brennascholte/Documents/UCSB 2022-23/SPRING 23/cs156/team03-s23-7pm-4/frontend/.stryker-tmp/sandbox8025320/src/main/components/Profile/RoleBadge.js","/Users/brennascholte/Documents/UCSB 2022-23/SPRING 23/cs156/team03-s23-7pm-4/frontend/.stryker-tmp/sandbox8025320/src/main/components/Restaurants/RestaurantForm.js","/Users/brennascholte/Documents/UCSB 2022-23/SPRING 23/cs156/team03-s23-7pm-4/frontend/.stryker-tmp/sandbox8025320/src/main/components/Restaurants/RestaurantTable.js","/Users/brennascholte/Documents/UCSB 2022-23/SPRING 23/cs156/team03-s23-7pm-4/frontend/.stryker-tmp/sandbox8025320/src/main/components/UCSBDates/UCSBDateForm.js","/Users/brennascholte/Documents/UCSB 2022-23/SPRING 23/cs156/team03-s23-7pm-4/frontend/.stryker-tmp/sandbox8025320/src/main/components/UCSBDates/UCSBDatesTable.js","/Users/brennascholte/Documents/UCSB 2022-23/SPRING 23/cs156/team03-s23-7pm-4/frontend/.stryker-tmp/sandbox8025320/src/main/components/Users/UsersTable.js","/Users/brennascholte/Documents/UCSB 2022-23/SPRING 23/cs156/team03-s23-7pm-4/frontend/.stryker-tmp/sandbox8025320/src/main/layouts/BasicLayout/BasicLayout.js","/Users/brennascholte/Documents/UCSB 2022-23/SPRING 23/cs156/team03-s23-7pm-4/frontend/.stryker-tmp/sandbox8025320/src/main/pages/AdminUsersPage.js","/Users/brennascholte/Documents/UCSB 2022-23/SPRING 23/cs156/team03-s23-7pm-4/frontend/.stryker-tmp/sandbox8025320/src/main/pages/HomePage.js","/Users/brennascholte/Documents/UCSB 2022-23/SPRING 23/cs156/team03-s23-7pm-4/frontend/.stryker-tmp/sandbox8025320/src/main/pages/Hotels/HotelCreatePage.js","/Users/brennascholte/Documents/UCSB 2022-23/SPRING 23/cs156/team03-s23-7pm-4/frontend/.stryker-tmp/sandbox8025320/src/main/pages/Hotels/HotelDetailsPage.js","/Users/brennascholte/Documents/UCSB 2022-23/SPRING 23/cs156/team03-s23-7pm-4/frontend/.stryker-tmp/sandbox8025320/src/main/pages/Hotels/HotelEditPage.js","/Users/brennascholte/Documents/UCSB 2022-23/SPRING 23/cs156/team03-s23-7pm-4/frontend/.stryker-tmp/sandbox8025320/src/main/pages/Hotels/HotelIndexPage.js","/Users/brennascholte/Documents/UCSB 2022-23/SPRING 23/cs156/team03-s23-7pm-4/frontend/.stryker-tmp/sandbox8025320/src/main/pages/Movies/MovieCreatePage.js","/Users/brennascholte/Documents/UCSB 2022-23/SPRING 23/cs156/team03-s23-7pm-4/frontend/.stryker-tmp/sandbox8025320/src/main/pages/Movies/MovieDetailsPage.js","/Users/brennascholte/Documents/UCSB 2022-23/SPRING 23/cs156/team03-s23-7pm-4/frontend/.stryker-tmp/sandbox8025320/src/main/pages/Movies/MovieEditPage.js","/Users/brennascholte/Documents/UCSB 2022-23/SPRING 23/cs156/team03-s23-7pm-4/frontend/.stryker-tmp/sandbox8025320/src/main/pages/Movies/MovieIndexPage.js","/Users/brennascholte/Documents/UCSB 2022-23/SPRING 23/cs156/team03-s23-7pm-4/frontend/.stryker-tmp/sandbox8025320/src/main/pages/ProfilePage.js","/Users/brennascholte/Documents/UCSB 2022-23/SPRING 23/cs156/team03-s23-7pm-4/frontend/.stryker-tmp/sandbox8025320/src/main/pages/Restaurants/RestaurantCreatePage.js","/Users/brennascholte/Documents/UCSB 2022-23/SPRING 23/cs156/team03-s23-7pm-4/frontend/.stryker-tmp/sandbox8025320/src/main/pages/Restaurants/RestaurantDetailsPage.js","/Users/brennascholte/Documents/UCSB 2022-23/SPRING 23/cs156/team03-s23-7pm-4/frontend/.stryker-tmp/sandbox8025320/src/main/pages/Restaurants/RestaurantEditPage.js","/Users/brennascholte/Documents/UCSB 2022-23/SPRING 23/cs156/team03-s23-7pm-4/frontend/.stryker-tmp/sandbox8025320/src/main/pages/Restaurants/RestaurantIndexPage.js","/Users/brennascholte/Documents/UCSB 2022-23/SPRING 23/cs156/team03-s23-7pm-4/frontend/.stryker-tmp/sandbox8025320/src/main/pages/Todos/TodosCreatePage.js","/Users/brennascholte/Documents/UCSB 2022-23/SPRING 23/cs156/team03-s23-7pm-4/frontend/.stryker-tmp/sandbox8025320/src/main/pages/Todos/TodosEditPage.js","/Users/brennascholte/Documents/UCSB 2022-23/SPRING 23/cs156/team03-s23-7pm-4/frontend/.stryker-tmp/sandbox8025320/src/main/pages/Todos/TodosIndexPage.js","/Users/brennascholte/Documents/UCSB 2022-23/SPRING 23/cs156/team03-s23-7pm-4/frontend/.stryker-tmp/sandbox8025320/src/main/pages/UCSBDates/UCSBDatesCreatePage.js","/Users/brennascholte/Documents/UCSB 2022-23/SPRING 23/cs156/team03-s23-7pm-4/frontend/.stryker-tmp/sandbox8025320/src/main/pages/UCSBDates/UCSBDatesEditPage.js","/Users/brennascholte/Documents/UCSB 2022-23/SPRING 23/cs156/team03-s23-7pm-4/frontend/.stryker-tmp/sandbox8025320/src/main/pages/UCSBDates/UCSBDatesIndexPage.js","/Users/brennascholte/Documents/UCSB 2022-23/SPRING 23/cs156/team03-s23-7pm-4/frontend/.stryker-tmp/sandbox8025320/src/main/utils/UCSBDateUtils.js","/Users/brennascholte/Documents/UCSB 2022-23/SPRING 23/cs156/team03-s23-7pm-4/frontend/.stryker-tmp/sandbox8025320/src/main/utils/arrayUtils.js","/Users/brennascholte/Documents/UCSB 2022-23/SPRING 23/cs156/team03-s23-7pm-4/frontend/.stryker-tmp/sandbox8025320/src/main/utils/currentUser.js","/Users/brennascholte/Documents/UCSB 2022-23/SPRING 23/cs156/team03-s23-7pm-4/frontend/.stryker-tmp/sandbox8025320/src/main/utils/hotelUtils.js","/Users/brennascholte/Documents/UCSB 2022-23/SPRING 23/cs156/team03-s23-7pm-4/frontend/.stryker-tmp/sandbox8025320/src/main/utils/movieUtils.js","/Users/brennascholte/Documents/UCSB 2022-23/SPRING 23/cs156/team03-s23-7pm-4/frontend/.stryker-tmp/sandbox8025320/src/main/utils/restaurantUtils.js","/Users/brennascholte/Documents/UCSB 2022-23/SPRING 23/cs156/team03-s23-7pm-4/frontend/.stryker-tmp/sandbox8025320/src/main/utils/systemInfo.js","/Users/brennascholte/Documents/UCSB 2022-23/SPRING 23/cs156/team03-s23-7pm-4/frontend/.stryker-tmp/sandbox8025320/src/main/utils/useBackend.js"],"jestConfig":{"roots":["<rootDir>/src","/Users/brennascholte/Documents/UCSB 2022-23/SPRING 23/cs156/team03-s23-7pm-4/frontend/.stryker-tmp/sandbox8025320/src/main/components/Hotels","/Users/brennascholte/Documents/UCSB 2022-23/SPRING 23/cs156/team03-s23-7pm-4/frontend/.stryker-tmp/sandbox8025320/src/main/components/Movies","/Users/brennascholte/Documents/UCSB 2022-23/SPRING 23/cs156/team03-s23-7pm-4/frontend/.stryker-tmp/sandbox8025320/src/main/components/Nav","/Users/brennascholte/Documents/UCSB 2022-23/SPRING 23/cs156/team03-s23-7pm-4/frontend/.stryker-tmp/sandbox8025320/src/main/components","/Users/brennascholte/Documents/UCSB 2022-23/SPRING 23/cs156/team03-s23-7pm-4/frontend/.stryker-tmp/sandbox8025320/src/main/components/Profile","/Users/brennascholte/Documents/UCSB 2022-23/SPRING 23/cs156/team03-s23-7pm-4/frontend/.stryker-tmp/sandbox8025320/src/main/components/Restaurants","/Users/brennascholte/Documents/UCSB 2022-23/SPRING 23/cs156/team03-s23-7pm-4/frontend/.stryker-tmp/sandbox8025320/src/main/components/UCSBDates","/Users/brennascholte/Documents/UCSB 2022-23/SPRING 23/cs156/team03-s23-7pm-4/frontend/.stryker-tmp/sandbox8025320/src/main/components/Users","/Users/brennascholte/Documents/UCSB 2022-23/SPRING 23/cs156/team03-s23-7pm-4/frontend/.stryker-tmp/sandbox8025320/src/main/layouts/BasicLayout","/Users/brennascholte/Documents/UCSB 2022-23/SPRING 23/cs156/team03-s23-7pm-4/frontend/.stryker-tmp/sandbox8025320/src/main/pages","/Users/brennascholte/Documents/UCSB 2022-23/SPRING 23/cs156/team03-s23-7pm-4/frontend/.stryker-tmp/sandbox8025320/src/main/pages/Hotels","/Users/brennascholte/Documents/UCSB 2022-23/SPRING 23/cs156/team03-s23-7pm-4/frontend/.stryker-tmp/sandbox8025320/src/main/pages/Movies","/Users/brennascholte/Documents/UCSB 2022-23/SPRING 23/cs156/team03-s23-7pm-4/frontend/.stryker-tmp/sandbox8025320/src/main/pages/Restaurants","/Users/brennascholte/Documents/UCSB 2022-23/SPRING 23/cs156/team03-s23-7pm-4/frontend/.stryker-tmp/sandbox8025320/src/main/pages/Todos","/Users/brennascholte/Documents/UCSB 2022-23/SPRING 23/cs156/team03-s23-7pm-4/frontend/.stryker-tmp/sandbox8025320/src/main/pages/UCSBDates","/Users/brennascholte/Documents/UCSB 2022-23/SPRING 23/cs156/team03-s23-7pm-4/frontend/.stryker-tmp/sandbox8025320/src/main/utils"],"collectCoverageFrom":["src/main/**/*.{js,jsx,ts,tsx}"],"setupFiles":["/Users/brennascholte/Documents/UCSB 2022-23/SPRING 23/cs156/team03-s23-7pm-4/frontend/node_modules/react-app-polyfill/jsdom.js"],"setupFilesAfterEnv":["<rootDir>/src/setupTests.js"],"testMatch":["<rootDir>/src/**/__tests__/**/*.{js,jsx,ts,tsx}","<rootDir>/src/**/*.{spec,test}.{js,jsx,ts,tsx}"],"testEnvironment":"jsdom","transform":{"^.+\\.(js|jsx|mjs|cjs|ts|tsx)$":"/Users/brennascholte/Documents/UCSB 2022-23/SPRING 23/cs156/team03-s23-7pm-4/frontend/node_modules/react-scripts/config/jest/babelTransform.js","^.+\\.css$":"/Users/brennascholte/Documents/UCSB 2022-23/SPRING 23/cs156/team03-s23-7pm-4/frontend/node_modules/react-scripts/config/jest/cssTransform.js","^(?!.*\\.(js|jsx|mjs|cjs|ts|tsx|css|json)$)":"/Users/brennascholte/Documents/UCSB 2022-23/SPRING 23/cs156/team03-s23-7pm-4/frontend/node_modules/react-scripts/config/jest/fileTransform.js"},"transformIgnorePatterns":["[/\\\\]node_modules[/\\\\].+\\.(js|jsx|mjs|cjs|ts|tsx)$","^.+\\.module\\.(css|sass|scss)$"],"modulePaths":["/Users/brennascholte/Documents/UCSB 2022-23/SPRING 23/cs156/team03-s23-7pm-4/frontend/.stryker-tmp/sandbox8025320/src"],"moduleNameMapper":{"^react-native$":"react-native-web","^.+\\.module\\.(css|sass|scss)$":"identity-obj-proxy"},"moduleFileExtensions":["web.js","js","web.ts","ts","web.tsx","tsx","json","web.jsx","jsx","node"],"watchPlugins":["/Users/brennascholte/Documents/UCSB 2022-23/SPRING 23/cs156/team03-s23-7pm-4/frontend/node_modules/jest-watch-typeahead/build/file_name_plugin/plugin.js","/Users/brennascholte/Documents/UCSB 2022-23/SPRING 23/cs156/team03-s23-7pm-4/frontend/node_modules/jest-watch-typeahead/build/test_name_plugin/plugin.js"],"resetMocks":true,"rootDir":"/Users/brennascholte/Documents/UCSB 2022-23/SPRING 23/cs156/team03-s23-7pm-4/frontend/.stryker-tmp/sandbox8025320","coverageReporters":["text","lcov"],"coverageThreshold":{"global":{"branches":100,"functions":100,"lines":100,"statements":100}},"collectCoverage":false,"verbose":false,"notify":false,"bail":false,"reporters":[],"globals":{"__strykerGlobalNamespace__":"__stryker__"}},"testLocationInResults":true}
18:47:28 (58300) DEBUG PluginLoader Loading plugin @stryker-mutator/jest-runner
18:47:28 (58300) DEBUG PluginLoader Loading plugin file:///Users/brennascholte/Documents/UCSB%202022-23/SPRING%2023/cs156/team03-s23-7pm-4/frontend/node_modules/@stryker-mutator/core/dist/src/reporters/index.js
18:47:28 (58299) DEBUG PluginLoader Loading plugin @stryker-mutator/jest-runner
18:47:28 (58299) DEBUG PluginLoader Loading plugin file:///Users/brennascholte/Documents/UCSB%202022-23/SPRING%2023/cs156/team03-s23-7pm-4/frontend/node_modules/@stryker-mutator/core/dist/src/reporters/index.js
18:47:29 (58300) DEBUG ChildProcessProxyWorker Changing current working directory for this process to /Users/brennascholte/Documents/UCSB 2022-23/SPRING 23/cs156/team03-s23-7pm-4/frontend/.stryker-tmp/sandbox8025320
18:47:29 (58299) DEBUG ChildProcessProxyWorker Changing current working directory for this process to /Users/brennascholte/Documents/UCSB 2022-23/SPRING 23/cs156/team03-s23-7pm-4/frontend/.stryker-tmp/sandbox8025320
18:47:29 (58300) DEBUG jestTestAdapterFactory Detected Jest version 27.5.1
18:47:29 (58300) DEBUG JestTestRunner Running jest with --findRelatedTests flag. Set jest.enableFindRelatedTests to false to run all tests on every mutant.
18:47:29 (58299) DEBUG jestTestAdapterFactory Detected Jest version 27.5.1
18:47:29 (58299) DEBUG JestTestRunner Running jest with --findRelatedTests flag. Set jest.enableFindRelatedTests to false to run all tests on every mutant.
18:47:29 (58300) DEBUG JestTestRunner Merging file-based config {
  "roots": [
    "<rootDir>/src"
  ],
  "collectCoverageFrom": [
    "src/main/**/*.{js,jsx,ts,tsx}"
  ],
  "setupFiles": [
    "/Users/brennascholte/Documents/UCSB 2022-23/SPRING 23/cs156/team03-s23-7pm-4/frontend/node_modules/react-app-polyfill/jsdom.js"
  ],
  "setupFilesAfterEnv": [
    "<rootDir>/src/setupTests.js"
  ],
  "testMatch": [
    "<rootDir>/src/**/__tests__/**/*.{js,jsx,ts,tsx}",
    "<rootDir>/src/**/*.{spec,test}.{js,jsx,ts,tsx}"
  ],
  "testEnvironment": "jsdom",
  "transform": {
    "^.+\\.(js|jsx|mjs|cjs|ts|tsx)$": "/Users/brennascholte/Documents/UCSB 2022-23/SPRING 23/cs156/team03-s23-7pm-4/frontend/node_modules/react-scripts/config/jest/babelTransform.js",
    "^.+\\.css$": "/Users/brennascholte/Documents/UCSB 2022-23/SPRING 23/cs156/team03-s23-7pm-4/frontend/node_modules/react-scripts/config/jest/cssTransform.js",
    "^(?!.*\\.(js|jsx|mjs|cjs|ts|tsx|css|json)$)": "/Users/brennascholte/Documents/UCSB 2022-23/SPRING 23/cs156/team03-s23-7pm-4/frontend/node_modules/react-scripts/config/jest/fileTransform.js"
  },
  "transformIgnorePatterns": [
    "[/\\\\]node_modules[/\\\\].+\\.(js|jsx|mjs|cjs|ts|tsx)$",
    "^.+\\.module\\.(css|sass|scss)$"
  ],
  "modulePaths": [
    "/Users/brennascholte/Documents/UCSB 2022-23/SPRING 23/cs156/team03-s23-7pm-4/frontend/.stryker-tmp/sandbox8025320/src"
  ],
  "moduleNameMapper": {
    "^react-native$": "react-native-web",
    "^.+\\.module\\.(css|sass|scss)$": "identity-obj-proxy"
  },
  "moduleFileExtensions": [
    "web.js",
    "js",
    "web.ts",
    "ts",
    "web.tsx",
    "tsx",
    "json",
    "web.jsx",
    "jsx",
    "node"
  ],
  "watchPlugins": [
    "/Users/brennascholte/Documents/UCSB 2022-23/SPRING 23/cs156/team03-s23-7pm-4/frontend/node_modules/jest-watch-typeahead/build/file_name_plugin/plugin.js",
    "/Users/brennascholte/Documents/UCSB 2022-23/SPRING 23/cs156/team03-s23-7pm-4/frontend/node_modules/jest-watch-typeahead/build/test_name_plugin/plugin.js"
  ],
  "resetMocks": true,
  "rootDir": "/Users/brennascholte/Documents/UCSB 2022-23/SPRING 23/cs156/team03-s23-7pm-4/frontend/.stryker-tmp/sandbox8025320",
  "coverageReporters": [
    "text",
    "lcov"
  ],
  "coverageThreshold": {
    "global": {
      "branches": 100,
      "functions": 100,
      "lines": 100,
      "statements": 100
    }
  }
}
      with custom config {}
      and default (internal) stryker config {
  "collectCoverage": false,
  "verbose": false,
  "notify": false,
  "bail": false,
  "reporters": []
}
18:47:29 (58286) DEBUG ChildProcessProxy Started ChildProcessTestRunnerWorker in worker process 4 with pid 58351 
18:47:29 (58299) DEBUG JestTestRunner Merging file-based config {
  "roots": [
    "<rootDir>/src"
  ],
  "collectCoverageFrom": [
    "src/main/**/*.{js,jsx,ts,tsx}"
  ],
  "setupFiles": [
    "/Users/brennascholte/Documents/UCSB 2022-23/SPRING 23/cs156/team03-s23-7pm-4/frontend/node_modules/react-app-polyfill/jsdom.js"
  ],
  "setupFilesAfterEnv": [
    "<rootDir>/src/setupTests.js"
  ],
  "testMatch": [
    "<rootDir>/src/**/__tests__/**/*.{js,jsx,ts,tsx}",
    "<rootDir>/src/**/*.{spec,test}.{js,jsx,ts,tsx}"
  ],
  "testEnvironment": "jsdom",
  "transform": {
    "^.+\\.(js|jsx|mjs|cjs|ts|tsx)$": "/Users/brennascholte/Documents/UCSB 2022-23/SPRING 23/cs156/team03-s23-7pm-4/frontend/node_modules/react-scripts/config/jest/babelTransform.js",
    "^.+\\.css$": "/Users/brennascholte/Documents/UCSB 2022-23/SPRING 23/cs156/team03-s23-7pm-4/frontend/node_modules/react-scripts/config/jest/cssTransform.js",
    "^(?!.*\\.(js|jsx|mjs|cjs|ts|tsx|css|json)$)": "/Users/brennascholte/Documents/UCSB 2022-23/SPRING 23/cs156/team03-s23-7pm-4/frontend/node_modules/react-scripts/config/jest/fileTransform.js"
  },
  "transformIgnorePatterns": [
    "[/\\\\]node_modules[/\\\\].+\\.(js|jsx|mjs|cjs|ts|tsx)$",
    "^.+\\.module\\.(css|sass|scss)$"
  ],
  "modulePaths": [
    "/Users/brennascholte/Documents/UCSB 2022-23/SPRING 23/cs156/team03-s23-7pm-4/frontend/.stryker-tmp/sandbox8025320/src"
  ],
  "moduleNameMapper": {
    "^react-native$": "react-native-web",
    "^.+\\.module\\.(css|sass|scss)$": "identity-obj-proxy"
  },
  "moduleFileExtensions": [
    "web.js",
    "js",
    "web.ts",
    "ts",
    "web.tsx",
    "tsx",
    "json",
    "web.jsx",
    "jsx",
    "node"
  ],
  "watchPlugins": [
    "/Users/brennascholte/Documents/UCSB 2022-23/SPRING 23/cs156/team03-s23-7pm-4/frontend/node_modules/jest-watch-typeahead/build/file_name_plugin/plugin.js",
    "/Users/brennascholte/Documents/UCSB 2022-23/SPRING 23/cs156/team03-s23-7pm-4/frontend/node_modules/jest-watch-typeahead/build/test_name_plugin/plugin.js"
  ],
  "resetMocks": true,
  "rootDir": "/Users/brennascholte/Documents/UCSB 2022-23/SPRING 23/cs156/team03-s23-7pm-4/frontend/.stryker-tmp/sandbox8025320",
  "coverageReporters": [
    "text",
    "lcov"
  ],
  "coverageThreshold": {
    "global": {
      "branches": 100,
      "functions": 100,
      "lines": 100,
      "statements": 100
    }
  }
}
      with custom config {}
      and default (internal) stryker config {
  "collectCoverage": false,
  "verbose": false,
  "notify": false,
  "bail": false,
  "reporters": []
}
18:47:29 (58286) DEBUG ChildProcessProxy Started ChildProcessTestRunnerWorker in worker process 5 with pid 58352 
18:47:29 (58351) DEBUG PluginLoader Loading plugin @stryker-mutator/jest-runner
18:47:29 (58351) DEBUG PluginLoader Loading plugin file:///Users/brennascholte/Documents/UCSB%202022-23/SPRING%2023/cs156/team03-s23-7pm-4/frontend/node_modules/@stryker-mutator/core/dist/src/reporters/index.js
18:47:29 (58352) DEBUG PluginLoader Loading plugin @stryker-mutator/jest-runner
18:47:29 (58352) DEBUG PluginLoader Loading plugin file:///Users/brennascholte/Documents/UCSB%202022-23/SPRING%2023/cs156/team03-s23-7pm-4/frontend/node_modules/@stryker-mutator/core/dist/src/reporters/index.js
18:47:29 (58352) DEBUG ChildProcessProxyWorker Changing current working directory for this process to /Users/brennascholte/Documents/UCSB 2022-23/SPRING 23/cs156/team03-s23-7pm-4/frontend/.stryker-tmp/sandbox8025320
18:47:29 (58351) DEBUG ChildProcessProxyWorker Changing current working directory for this process to /Users/brennascholte/Documents/UCSB 2022-23/SPRING 23/cs156/team03-s23-7pm-4/frontend/.stryker-tmp/sandbox8025320
18:47:30 (58352) DEBUG jestTestAdapterFactory Detected Jest version 27.5.1
18:47:30 (58352) DEBUG JestTestRunner Running jest with --findRelatedTests flag. Set jest.enableFindRelatedTests to false to run all tests on every mutant.
18:47:30 (58351) DEBUG jestTestAdapterFactory Detected Jest version 27.5.1
18:47:30 (58351) DEBUG JestTestRunner Running jest with --findRelatedTests flag. Set jest.enableFindRelatedTests to false to run all tests on every mutant.
18:47:30 (58352) DEBUG JestTestRunner Merging file-based config {
  "roots": [
    "<rootDir>/src"
  ],
  "collectCoverageFrom": [
    "src/main/**/*.{js,jsx,ts,tsx}"
  ],
  "setupFiles": [
    "/Users/brennascholte/Documents/UCSB 2022-23/SPRING 23/cs156/team03-s23-7pm-4/frontend/node_modules/react-app-polyfill/jsdom.js"
  ],
  "setupFilesAfterEnv": [
    "<rootDir>/src/setupTests.js"
  ],
  "testMatch": [
    "<rootDir>/src/**/__tests__/**/*.{js,jsx,ts,tsx}",
    "<rootDir>/src/**/*.{spec,test}.{js,jsx,ts,tsx}"
  ],
  "testEnvironment": "jsdom",
  "transform": {
    "^.+\\.(js|jsx|mjs|cjs|ts|tsx)$": "/Users/brennascholte/Documents/UCSB 2022-23/SPRING 23/cs156/team03-s23-7pm-4/frontend/node_modules/react-scripts/config/jest/babelTransform.js",
    "^.+\\.css$": "/Users/brennascholte/Documents/UCSB 2022-23/SPRING 23/cs156/team03-s23-7pm-4/frontend/node_modules/react-scripts/config/jest/cssTransform.js",
    "^(?!.*\\.(js|jsx|mjs|cjs|ts|tsx|css|json)$)": "/Users/brennascholte/Documents/UCSB 2022-23/SPRING 23/cs156/team03-s23-7pm-4/frontend/node_modules/react-scripts/config/jest/fileTransform.js"
  },
  "transformIgnorePatterns": [
    "[/\\\\]node_modules[/\\\\].+\\.(js|jsx|mjs|cjs|ts|tsx)$",
    "^.+\\.module\\.(css|sass|scss)$"
  ],
  "modulePaths": [
    "/Users/brennascholte/Documents/UCSB 2022-23/SPRING 23/cs156/team03-s23-7pm-4/frontend/.stryker-tmp/sandbox8025320/src"
  ],
  "moduleNameMapper": {
    "^react-native$": "react-native-web",
    "^.+\\.module\\.(css|sass|scss)$": "identity-obj-proxy"
  },
  "moduleFileExtensions": [
    "web.js",
    "js",
    "web.ts",
    "ts",
    "web.tsx",
    "tsx",
    "json",
    "web.jsx",
    "jsx",
    "node"
  ],
  "watchPlugins": [
    "/Users/brennascholte/Documents/UCSB 2022-23/SPRING 23/cs156/team03-s23-7pm-4/frontend/node_modules/jest-watch-typeahead/build/file_name_plugin/plugin.js",
    "/Users/brennascholte/Documents/UCSB 2022-23/SPRING 23/cs156/team03-s23-7pm-4/frontend/node_modules/jest-watch-typeahead/build/test_name_plugin/plugin.js"
  ],
  "resetMocks": true,
  "rootDir": "/Users/brennascholte/Documents/UCSB 2022-23/SPRING 23/cs156/team03-s23-7pm-4/frontend/.stryker-tmp/sandbox8025320",
  "coverageReporters": [
    "text",
    "lcov"
  ],
  "coverageThreshold": {
    "global": {
      "branches": 100,
      "functions": 100,
      "lines": 100,
      "statements": 100
    }
  }
}
      with custom config {}
      and default (internal) stryker config {
  "collectCoverage": false,
  "verbose": false,
  "notify": false,
  "bail": false,
  "reporters": []
}
18:47:30 (58286) DEBUG ChildProcessProxy Started ChildProcessTestRunnerWorker in worker process 6 with pid 58353 
18:47:30 (58351) DEBUG JestTestRunner Merging file-based config {
  "roots": [
    "<rootDir>/src"
  ],
  "collectCoverageFrom": [
    "src/main/**/*.{js,jsx,ts,tsx}"
  ],
  "setupFiles": [
    "/Users/brennascholte/Documents/UCSB 2022-23/SPRING 23/cs156/team03-s23-7pm-4/frontend/node_modules/react-app-polyfill/jsdom.js"
  ],
  "setupFilesAfterEnv": [
    "<rootDir>/src/setupTests.js"
  ],
  "testMatch": [
    "<rootDir>/src/**/__tests__/**/*.{js,jsx,ts,tsx}",
    "<rootDir>/src/**/*.{spec,test}.{js,jsx,ts,tsx}"
  ],
  "testEnvironment": "jsdom",
  "transform": {
    "^.+\\.(js|jsx|mjs|cjs|ts|tsx)$": "/Users/brennascholte/Documents/UCSB 2022-23/SPRING 23/cs156/team03-s23-7pm-4/frontend/node_modules/react-scripts/config/jest/babelTransform.js",
    "^.+\\.css$": "/Users/brennascholte/Documents/UCSB 2022-23/SPRING 23/cs156/team03-s23-7pm-4/frontend/node_modules/react-scripts/config/jest/cssTransform.js",
    "^(?!.*\\.(js|jsx|mjs|cjs|ts|tsx|css|json)$)": "/Users/brennascholte/Documents/UCSB 2022-23/SPRING 23/cs156/team03-s23-7pm-4/frontend/node_modules/react-scripts/config/jest/fileTransform.js"
  },
  "transformIgnorePatterns": [
    "[/\\\\]node_modules[/\\\\].+\\.(js|jsx|mjs|cjs|ts|tsx)$",
    "^.+\\.module\\.(css|sass|scss)$"
  ],
  "modulePaths": [
    "/Users/brennascholte/Documents/UCSB 2022-23/SPRING 23/cs156/team03-s23-7pm-4/frontend/.stryker-tmp/sandbox8025320/src"
  ],
  "moduleNameMapper": {
    "^react-native$": "react-native-web",
    "^.+\\.module\\.(css|sass|scss)$": "identity-obj-proxy"
  },
  "moduleFileExtensions": [
    "web.js",
    "js",
    "web.ts",
    "ts",
    "web.tsx",
    "tsx",
    "json",
    "web.jsx",
    "jsx",
    "node"
  ],
  "watchPlugins": [
    "/Users/brennascholte/Documents/UCSB 2022-23/SPRING 23/cs156/team03-s23-7pm-4/frontend/node_modules/jest-watch-typeahead/build/file_name_plugin/plugin.js",
    "/Users/brennascholte/Documents/UCSB 2022-23/SPRING 23/cs156/team03-s23-7pm-4/frontend/node_modules/jest-watch-typeahead/build/test_name_plugin/plugin.js"
  ],
  "resetMocks": true,
  "rootDir": "/Users/brennascholte/Documents/UCSB 2022-23/SPRING 23/cs156/team03-s23-7pm-4/frontend/.stryker-tmp/sandbox8025320",
  "coverageReporters": [
    "text",
    "lcov"
  ],
  "coverageThreshold": {
    "global": {
      "branches": 100,
      "functions": 100,
      "lines": 100,
      "statements": 100
    }
  }
}
      with custom config {}
      and default (internal) stryker config {
  "collectCoverage": false,
  "verbose": false,
  "notify": false,
  "bail": false,
  "reporters": []
}
18:47:30 (58353) DEBUG PluginLoader Loading plugin @stryker-mutator/jest-runner
18:47:30 (58353) DEBUG PluginLoader Loading plugin file:///Users/brennascholte/Documents/UCSB%202022-23/SPRING%2023/cs156/team03-s23-7pm-4/frontend/node_modules/@stryker-mutator/core/dist/src/reporters/index.js
18:47:30 (58353) DEBUG ChildProcessProxyWorker Changing current working directory for this process to /Users/brennascholte/Documents/UCSB 2022-23/SPRING 23/cs156/team03-s23-7pm-4/frontend/.stryker-tmp/sandbox8025320
18:47:30 (58353) DEBUG jestTestAdapterFactory Detected Jest version 27.5.1
18:47:30 (58353) DEBUG JestTestRunner Running jest with --findRelatedTests flag. Set jest.enableFindRelatedTests to false to run all tests on every mutant.
18:47:30 (58353) DEBUG JestTestRunner Merging file-based config {
  "roots": [
    "<rootDir>/src"
  ],
  "collectCoverageFrom": [
    "src/main/**/*.{js,jsx,ts,tsx}"
  ],
  "setupFiles": [
    "/Users/brennascholte/Documents/UCSB 2022-23/SPRING 23/cs156/team03-s23-7pm-4/frontend/node_modules/react-app-polyfill/jsdom.js"
  ],
  "setupFilesAfterEnv": [
    "<rootDir>/src/setupTests.js"
  ],
  "testMatch": [
    "<rootDir>/src/**/__tests__/**/*.{js,jsx,ts,tsx}",
    "<rootDir>/src/**/*.{spec,test}.{js,jsx,ts,tsx}"
  ],
  "testEnvironment": "jsdom",
  "transform": {
    "^.+\\.(js|jsx|mjs|cjs|ts|tsx)$": "/Users/brennascholte/Documents/UCSB 2022-23/SPRING 23/cs156/team03-s23-7pm-4/frontend/node_modules/react-scripts/config/jest/babelTransform.js",
    "^.+\\.css$": "/Users/brennascholte/Documents/UCSB 2022-23/SPRING 23/cs156/team03-s23-7pm-4/frontend/node_modules/react-scripts/config/jest/cssTransform.js",
    "^(?!.*\\.(js|jsx|mjs|cjs|ts|tsx|css|json)$)": "/Users/brennascholte/Documents/UCSB 2022-23/SPRING 23/cs156/team03-s23-7pm-4/frontend/node_modules/react-scripts/config/jest/fileTransform.js"
  },
  "transformIgnorePatterns": [
    "[/\\\\]node_modules[/\\\\].+\\.(js|jsx|mjs|cjs|ts|tsx)$",
    "^.+\\.module\\.(css|sass|scss)$"
  ],
  "modulePaths": [
    "/Users/brennascholte/Documents/UCSB 2022-23/SPRING 23/cs156/team03-s23-7pm-4/frontend/.stryker-tmp/sandbox8025320/src"
  ],
  "moduleNameMapper": {
    "^react-native$": "react-native-web",
    "^.+\\.module\\.(css|sass|scss)$": "identity-obj-proxy"
  },
  "moduleFileExtensions": [
    "web.js",
    "js",
    "web.ts",
    "ts",
    "web.tsx",
    "tsx",
    "json",
    "web.jsx",
    "jsx",
    "node"
  ],
  "watchPlugins": [
    "/Users/brennascholte/Documents/UCSB 2022-23/SPRING 23/cs156/team03-s23-7pm-4/frontend/node_modules/jest-watch-typeahead/build/file_name_plugin/plugin.js",
    "/Users/brennascholte/Documents/UCSB 2022-23/SPRING 23/cs156/team03-s23-7pm-4/frontend/node_modules/jest-watch-typeahead/build/test_name_plugin/plugin.js"
  ],
  "resetMocks": true,
  "rootDir": "/Users/brennascholte/Documents/UCSB 2022-23/SPRING 23/cs156/team03-s23-7pm-4/frontend/.stryker-tmp/sandbox8025320",
  "coverageReporters": [
    "text",
    "lcov"
  ],
  "coverageThreshold": {
    "global": {
      "branches": 100,
      "functions": 100,
      "lines": 100,
      "statements": 100
    }
  }
}
      with custom config {}
      and default (internal) stryker config {
  "collectCoverage": false,
  "verbose": false,
  "notify": false,
  "bail": false,
  "reporters": []
}
